                :-) GROMACS - gmx mdrun, 2023.1-conda_forge (-:

Copyright 1991-2023 The GROMACS Authors.
GROMACS is free software; you can redistribute it and/or modify it
under the terms of the GNU Lesser General Public License
as published by the Free Software Foundation; either version 2.1
of the License, or (at your option) any later version.

                         Current GROMACS contributors:
       Mark Abraham           Andrey Alekseenko           Cathrine Bergh      
      Christian Blau            Eliane Briand             Mahesh Doijade      
    Stefan Fleischmann           Vytas Gapsys              Gaurav Garg        
      Sergey Gorelov         Gilles Gouaillardet            Alan Gray         
     M. Eric Irrgang         Farzaneh Jalalypour            Joe Jordan        
    Christoph Junghans        Prashanth Kanduri          Sebastian Keller     
     Carsten Kutzner           Justin A. Lemkul          Magnus Lundborg      
       Pascal Merz              Vedran Miletic            Dmitry Morozov      
       Szilard Pall             Roland Schulz             Michael Shirts      
     Alexey Shvetsov            Balint Soproni         David van der Spoel    
      Philip Turner             Carsten Uphoff           Alessandra Villa     
 Sebastian Wingbermuehle        Artem Zhmurov       

                         Previous GROMACS contributors:
        Emile Apol             Rossen Apostolov           James Barnett       
  Herman J.C. Berendsen          Par Bjelkmar           Viacheslav Bolnykh    
        Kevin Boyd            Aldert van Buuren          Carlo Camilloni      
     Rudi van Drunen            Anton Feenstra           Oliver Fleetwood     
     Gerrit Groenhof            Bert de Groot             Anca Hamuraru       
    Vincent Hindriksen          Victor Holanda           Aleksei Iupinov      
   Dimitrios Karkoulis           Peter Kasson             Sebastian Kehl      
        Jiri Kraus               Per Larsson              Viveca Lindahl      
      Erik Marklund           Pieter Meulenhoff           Teemu Murtola       
       Sander Pronk             Alfons Sijbers            Peter Tieleman      
       Jon Vincent             Teemu Virolainen         Christian Wennberg    
       Maarten Wolf       

                  Coordinated by the GROMACS project leaders:
                    Paul Bauer, Berk Hess, and Erik Lindahl

GROMACS:      gmx mdrun, version 2023.1-conda_forge
Executable:   /home/cc/mambaforge/envs/gromacs_2023.1/bin.AVX2_256/gmx
Data prefix:  /home/cc/mambaforge/envs/gromacs_2023.1
Working dir:  /home/cc/fak_example
Process ID:   3801
Command line:
  gmx mdrun -v -nt 8 -deffnm 06_npt_equil

GROMACS version:    2023.1-conda_forge
Precision:          mixed
Memory model:       64 bit
MPI library:        thread_mpi
OpenMP support:     enabled (GMX_OPENMP_MAX_THREADS = 128)
GPU support:        OpenCL
NB cluster size:    8
SIMD instructions:  AVX2_256
CPU FFT library:    fftw-3.3.10-sse2-avx
GPU FFT library:    clFFT
Multi-GPU FFT:      none
RDTSCP usage:       enabled
TNG support:        enabled
Hwloc support:      disabled
Tracing support:    disabled
C compiler:         /home/conda/feedstock_root/build_artifacts/gromacs_1685949970153/_build_env/bin/x86_64-conda-linux-gnu-cc GNU 12.2.0
C compiler flags:   -fexcess-precision=fast -funroll-all-loops -mavx2 -mfma -Wno-missing-field-initializers -O3 -DNDEBUG
C++ compiler:       /home/conda/feedstock_root/build_artifacts/gromacs_1685949970153/_build_env/bin/x86_64-conda-linux-gnu-c++ GNU 12.2.0
C++ compiler flags: -fexcess-precision=fast -funroll-all-loops -mavx2 -mfma -Wno-missing-field-initializers -Wno-cast-function-type-strict -fopenmp -O3 -DNDEBUG
BLAS library:       
LAPACK library:     
OpenCL include dir: /home/cc/mambaforge/envs/gromacs_2023.1/include
OpenCL library:     /home/cc/mambaforge/envs/gromacs_2023.1/lib/libOpenCL.so
OpenCL version:     3.0


Running on 1 node with total 24 cores, 48 processing units (GPU detection failed)
Hardware detected on host tp3:
  CPU info:
    Vendor: Intel
    Brand:  Intel(R) Xeon(R) Gold 6126 CPU @ 2.60GHz
    Family: 6   Model: 85   Stepping: 4
    Features: aes apic avx avx2 avx512f avx512cd avx512bw avx512vl avx512secondFMA clfsh cmov cx8 cx16 f16c fma hle htt intel lahf mmx msr nonstop_tsc pcid pclmuldq pdcm pdpe1gb popcnt pse rdrnd rdtscp rtm sse2 sse3 sse4.1 sse4.2 ssse3 tdt x2apic
    Number of AVX-512 FMA units: 2
  Hardware topology: Basic
    Packages, cores, and logical processors:
    [indices refer to OS logical processors]
      Package  0: [   0  24] [   2  26] [   4  28] [   6  30] [   8  32] [  10  34] [  12  36] [  14  38] [  16  40] [  18  42] [  20  44] [  22  46]
      Package  1: [   1  25] [   3  27] [   5  29] [   7  31] [   9  33] [  11  35] [  13  37] [  15  39] [  17  41] [  19  43] [  21  45] [  23  47]
    CPU limit set by OS: -1   Recommended max number of threads: 48

Highest SIMD level supported by all nodes in run: AVX_512
SIMD instructions selected at compile time:       AVX2_256
This program was compiled for different hardware than you are running on,
which could influence performance. This build might have been configured on a
login node with only a single AVX-512 FMA unit (in which case AVX2 is faster),
while the node you are running on has dual AVX-512 FMA units.

++++ PLEASE READ AND CITE THE FOLLOWING REFERENCE ++++
M. J. Abraham, T. Murtola, R. Schulz, S. Páll, J. C. Smith, B. Hess, E.
Lindahl
GROMACS: High performance molecular simulations through multi-level
parallelism from laptops to supercomputers
SoftwareX 1 (2015) pp. 19-25
-------- -------- --- Thank You --- -------- --------


++++ PLEASE READ AND CITE THE FOLLOWING REFERENCE ++++
S. Páll, M. J. Abraham, C. Kutzner, B. Hess, E. Lindahl
Tackling Exascale Software Challenges in Molecular Dynamics Simulations with
GROMACS
In S. Markidis & E. Laure (Eds.), Solving Software Challenges for Exascale 8759 (2015) pp. 3-27
-------- -------- --- Thank You --- -------- --------


++++ PLEASE READ AND CITE THE FOLLOWING REFERENCE ++++
S. Pronk, S. Páll, R. Schulz, P. Larsson, P. Bjelkmar, R. Apostolov, M. R.
Shirts, J. C. Smith, P. M. Kasson, D. van der Spoel, B. Hess, and E. Lindahl
GROMACS 4.5: a high-throughput and highly parallel open source molecular
simulation toolkit
Bioinformatics 29 (2013) pp. 845-54
-------- -------- --- Thank You --- -------- --------


++++ PLEASE READ AND CITE THE FOLLOWING REFERENCE ++++
B. Hess and C. Kutzner and D. van der Spoel and E. Lindahl
GROMACS 4: Algorithms for highly efficient, load-balanced, and scalable
molecular simulation
J. Chem. Theory Comput. 4 (2008) pp. 435-447
-------- -------- --- Thank You --- -------- --------


++++ PLEASE READ AND CITE THE FOLLOWING REFERENCE ++++
D. van der Spoel, E. Lindahl, B. Hess, G. Groenhof, A. E. Mark and H. J. C.
Berendsen
GROMACS: Fast, Flexible and Free
J. Comp. Chem. 26 (2005) pp. 1701-1719
-------- -------- --- Thank You --- -------- --------


++++ PLEASE READ AND CITE THE FOLLOWING REFERENCE ++++
E. Lindahl and B. Hess and D. van der Spoel
GROMACS 3.0: A package for molecular simulation and trajectory analysis
J. Mol. Mod. 7 (2001) pp. 306-317
-------- -------- --- Thank You --- -------- --------


++++ PLEASE READ AND CITE THE FOLLOWING REFERENCE ++++
H. J. C. Berendsen, D. van der Spoel and R. van Drunen
GROMACS: A message-passing parallel molecular dynamics implementation
Comp. Phys. Comm. 91 (1995) pp. 43-56
-------- -------- --- Thank You --- -------- --------

Input Parameters:
   integrator                     = md
   tinit                          = 0
   dt                             = 0.002
   nsteps                         = 100000
   init-step                      = 0
   simulation-part                = 1
   mts                            = false
   comm-mode                      = Linear
   nstcomm                        = 100
   bd-fric                        = 0
   ld-seed                        = -982122757
   emtol                          = 10
   emstep                         = 0.01
   niter                          = 20
   fcstep                         = 0
   nstcgsteep                     = 1000
   nbfgscorr                      = 10
   rtpi                           = 0.05
   nstxout                        = 0
   nstvout                        = 5000
   nstfout                        = 0
   nstlog                         = 5000
   nstcalcenergy                  = 100
   nstenergy                      = 5000
   nstxout-compressed             = 5000
   compressed-x-precision         = 1000
   cutoff-scheme                  = Verlet
   nstlist                        = 10
   pbc                            = xyz
   periodic-molecules             = false
   verlet-buffer-tolerance        = 0.005
   rlist                          = 1
   coulombtype                    = PME
   coulomb-modifier               = Potential-shift
   rcoulomb-switch                = 0
   rcoulomb                       = 1
   epsilon-r                      = 1
   epsilon-rf                     = inf
   vdw-type                       = Cut-off
   vdw-modifier                   = Potential-shift
   rvdw-switch                    = 0
   rvdw                           = 1
   DispCorr                       = EnerPres
   table-extension                = 1
   fourierspacing                 = 0.16
   fourier-nx                     = 56
   fourier-ny                     = 56
   fourier-nz                     = 56
   pme-order                      = 4
   ewald-rtol                     = 1e-05
   ewald-rtol-lj                  = 0.001
   lj-pme-comb-rule               = Geometric
   ewald-geometry                 = 3d
   epsilon-surface                = 0
   ensemble-temperature-setting   = constant
   ensemble-temperature           = 300
   tcoupl                         = V-rescale
   nsttcouple                     = 10
   nh-chain-length                = 0
   print-nose-hoover-chain-variables = false
   pcoupl                         = Parrinello-Rahman
   pcoupltype                     = Isotropic
   nstpcouple                     = 50
   tau-p                          = 2
   compressibility (3x3):
      compressibility[    0]={ 4.50000e-05,  0.00000e+00,  0.00000e+00}
      compressibility[    1]={ 0.00000e+00,  4.50000e-05,  0.00000e+00}
      compressibility[    2]={ 0.00000e+00,  0.00000e+00,  4.50000e-05}
   ref-p (3x3):
      ref-p[    0]={ 1.00000e+00,  0.00000e+00,  0.00000e+00}
      ref-p[    1]={ 0.00000e+00,  1.00000e+00,  0.00000e+00}
      ref-p[    2]={ 0.00000e+00,  0.00000e+00,  1.00000e+00}
   refcoord-scaling               = COM
   posres-com (3):
      posres-com[0]= 4.99809e-01
      posres-com[1]=-4.99039e-01
      posres-com[2]= 4.99973e-01
   posres-comB (3):
      posres-comB[0]= 4.99809e-01
      posres-comB[1]=-4.99039e-01
      posres-comB[2]= 4.99973e-01
   QMMM                           = false
qm-opts:
   ngQM                           = 0
   constraint-algorithm           = Lincs
   continuation                   = true
   Shake-SOR                      = false
   shake-tol                      = 0.0001
   lincs-order                    = 4
   lincs-iter                     = 1
   lincs-warnangle                = 30
   nwall                          = 0
   wall-type                      = 9-3
   wall-r-linpot                  = -1
   wall-atomtype[0]               = -1
   wall-atomtype[1]               = -1
   wall-density[0]                = 0
   wall-density[1]                = 0
   wall-ewald-zfac                = 3
   pull                           = false
   awh                            = false
   rotation                       = false
   interactiveMD                  = false
   disre                          = No
   disre-weighting                = Conservative
   disre-mixed                    = false
   dr-fc                          = 1000
   dr-tau                         = 0
   nstdisreout                    = 100
   orire-fc                       = 0
   orire-tau                      = 0
   nstorireout                    = 100
   free-energy                    = no
   cos-acceleration               = 0
   deform (3x3):
      deform[    0]={ 0.00000e+00,  0.00000e+00,  0.00000e+00}
      deform[    1]={ 0.00000e+00,  0.00000e+00,  0.00000e+00}
      deform[    2]={ 0.00000e+00,  0.00000e+00,  0.00000e+00}
   simulated-tempering            = false
   swapcoords                     = no
   userint1                       = 0
   userint2                       = 0
   userint3                       = 0
   userint4                       = 0
   userreal1                      = 0
   userreal2                      = 0
   userreal3                      = 0
   userreal4                      = 0
   applied-forces:
     electric-field:
       x:
         E0                       = 0
         omega                    = 0
         t0                       = 0
         sigma                    = 0
       y:
         E0                       = 0
         omega                    = 0
         t0                       = 0
         sigma                    = 0
       z:
         E0                       = 0
         omega                    = 0
         t0                       = 0
         sigma                    = 0
     density-guided-simulation:
       active                     = false
       group                      = protein
       similarity-measure         = inner-product
       atom-spreading-weight      = unity
       force-constant             = 1e+09
       gaussian-transform-spreading-width = 0.2
       gaussian-transform-spreading-range-in-multiples-of-width = 4
       reference-density-filename = reference.mrc
       nst                        = 1
       normalize-densities        = true
       adaptive-force-scaling     = false
       adaptive-force-scaling-time-constant = 4
       shift-vector               = 
       transformation-matrix      = 
     qmmm-cp2k:
       active                     = false
       qmgroup                    = System
       qmmethod                   = PBE
       qmfilenames                = 
       qmcharge                   = 0
       qmmultiplicity             = 1
grpopts:
   nrdf:     10424.7     90816.3
   ref-t:         300         300
   tau-t:         0.1         0.1
annealing:          No          No
annealing-npoints:           0           0
   acc:	           0           0           0
   nfreeze:           N           N           N
   energygrp-flags[  0]: 0

Changing nstlist from 10 to 50, rlist from 1 to 1.105

Update groups can not be used for this system because atoms that are (in)directly constrained together are interdispersed with other atoms

Update task can not run on the GPU, because the following condition(s) were not satisfied:

Domain decomposition is only supported with constraints when update groups are used. This means constraining all bonds is not supported, except for small molecules, and box sizes close to half the pair-list cutoff are not supported.
 Either PME or short-ranged non-bonded interaction tasks must run on the GPU.
Compatible GPUs must have been found.
Only CUDA and SYCL builds are supported.
The number of coupled constraints is higher than supported in the GPU LINCS code.
Chosen GPU implementation does not support constraints.

Initializing Domain Decomposition on 1 ranks
Dynamic load balancing: auto
Minimum cell size due to atom displacement: 0.477 nm
Initial maximum distances in bonded interactions:
    two-body bonded interactions: 0.437 nm, LJ-14, atoms 598 649
  multi-body bonded interactions: 0.437 nm, Proper Dih., atoms 598 649
Minimum cell size due to bonded interactions: 0.481 nm
Maximum distance for 5 constraints, at 120 deg. angles, all-trans: 0.219 nm
Estimated maximum distance required for P-LINCS: 0.219 nm
Using 0 separate PME ranks because: there are too few total ranks for efficient splitting
Optimizing the DD grid for 1 cells with a minimum initial size of 0.481 nm
The maximum allowed number of cells is: X 14 Y 14 Z 14
Domain decomposition grid 1 x 1 x 1, separate PME ranks 0
PME domain decomposition: 1 x 1 x 1

The initial number of communication pulses is:
The initial domain decomposition cell size is:

The maximum allowed distance for atoms involved in interactions is:
                 non-bonded interactions           1.105 nm
(the following are initial values, they could change due to box deformation)
            two-body bonded interactions  (-rdd)   1.105 nm
          multi-body bonded interactions  (-rdd)   1.105 nm
  atoms separated by up to 5 constraints  (-rcon)  7.082 nm

When dynamic load balancing gets turned on, these settings will change to:
The maximum number of communication pulses is:
The minimum size for domain decomposition cells is 1.105 nm
The requested allowed shrink of DD cells (option -dds) is: 0.80
The allowed shrink of domain decomposition cells is:
The maximum allowed distance for atoms involved in interactions is:
                 non-bonded interactions           1.105 nm
            two-body bonded interactions  (-rdd)   1.105 nm
          multi-body bonded interactions  (-rdd)   1.105 nm
  atoms separated by up to 5 constraints  (-rcon)  1.105 nm

Using 1 MPI thread
Using 8 OpenMP threads 

System total charge: 0.000
Will do PME sum in reciprocal space for electrostatic interactions.

++++ PLEASE READ AND CITE THE FOLLOWING REFERENCE ++++
U. Essmann, L. Perera, M. L. Berkowitz, T. Darden, H. Lee and L. G. Pedersen 
A smooth particle mesh Ewald method
J. Chem. Phys. 103 (1995) pp. 8577-8592
-------- -------- --- Thank You --- -------- --------

Using a Gaussian width (1/beta) of 0.320163 nm for Ewald
Potential shift: LJ r^-12: -1.000e+00 r^-6: -1.000e+00, Ewald -1.000e-05
Initialized non-bonded Coulomb Ewald tables, spacing: 9.33e-04 size: 1073

Generated table with 1052 data points for 1-4 COUL.
Tabscale = 500 points/nm
Generated table with 1052 data points for 1-4 LJ6.
Tabscale = 500 points/nm
Generated table with 1052 data points for 1-4 LJ12.
Tabscale = 500 points/nm
Long Range LJ corr.: <C6> 3.1689e-04


Using SIMD 4x8 nonbonded short-range kernels

Using a dual 4x8 pair-list setup updated with dynamic pruning:
  outer list: updated every 50 steps, buffer 0.105 nm, rlist 1.105 nm
  inner list: updated every 12 steps, buffer 0.001 nm, rlist 1.001 nm
At tolerance 0.005 kJ/mol/ps per atom, equivalent classical 1x1 list would be:
  outer list: updated every 50 steps, buffer 0.231 nm, rlist 1.231 nm
  inner list: updated every 12 steps, buffer 0.046 nm, rlist 1.046 nm

Using Lorentz-Berthelot Lennard-Jones combination rule

Linking all bonded interactions to atoms


NOTE: The number of threads is not equal to the number of (logical) cpus
      and the -pin option is set to auto: will not pin threads to cpus.
      This can lead to significant performance degradation.
      Consider using -pin on (and -pinoffset in case you run multiple jobs).

Initializing Parallel LINear Constraint Solver

++++ PLEASE READ AND CITE THE FOLLOWING REFERENCE ++++
B. Hess
P-LINCS: A Parallel Linear Constraint Solver for molecular simulation
J. Chem. Theory Comput. 4 (2008) pp. 116-122
-------- -------- --- Thank You --- -------- --------

The number of constraints is 2097
There are constraints between atoms in different decomposition domains,
will communicate selected coordinates each lincs iteration

++++ PLEASE READ AND CITE THE FOLLOWING REFERENCE ++++
S. Miyamoto and P. A. Kollman
SETTLE: An Analytical Version of the SHAKE and RATTLE Algorithms for Rigid
Water Models
J. Comp. Chem. 13 (1992) pp. 952-962
-------- -------- --- Thank You --- -------- --------


++++ PLEASE READ AND CITE THE FOLLOWING REFERENCE ++++
G. Bussi, D. Donadio and M. Parrinello
Canonical sampling through velocity rescaling
J. Chem. Phys. 126 (2007) pp. 014101
-------- -------- --- Thank You --- -------- --------

There are: 49552 Atoms

Atom distribution over 1 domains: av 49552 stddev 0 min 49552 max 49552
Center of mass motion removal mode is Linear
We have the following groups for center of mass motion removal:
  0:  rest

Started mdrun on rank 0 Sun Sep 17 20:34:44 2023

           Step           Time
              0        0.00000

   Energies (kJ/mol)
           Bond          Angle    Proper Dih. Per. Imp. Dih.          LJ-14
    3.14918e+03    8.30402e+03    1.10484e+04    5.05896e+02    4.07112e+03
     Coulomb-14        LJ (SR)  Disper. corr.   Coulomb (SR)   Coul. recip.
    3.83116e+04    8.64331e+04   -6.47958e+03   -8.10412e+05    4.80011e+03
 Position Rest.      Potential    Kinetic En.   Total Energy  Conserved En.
    2.62186e-01   -6.60268e+05    1.26643e+05   -5.33625e+05   -5.33594e+05
    Temperature Pres. DC (bar) Pressure (bar)   Constr. rmsd
    3.00899e+02   -2.14424e+02   -1.53396e+02    3.16381e-06

           Step           Time
           5000       10.00000

   Energies (kJ/mol)
           Bond          Angle    Proper Dih. Per. Imp. Dih.          LJ-14
    3.11792e+03    8.51035e+03    1.10593e+04    5.58869e+02    4.09162e+03
     Coulomb-14        LJ (SR)  Disper. corr.   Coulomb (SR)   Coul. recip.
    3.85497e+04    8.84214e+04   -6.57697e+03   -8.14519e+05    4.72448e+03
 Position Rest.      Potential    Kinetic En.   Total Energy  Conserved En.
    1.00482e+03   -6.61058e+05    1.26143e+05   -5.34915e+05   -5.32987e+05
    Temperature Pres. DC (bar) Pressure (bar)   Constr. rmsd
    2.99711e+02   -2.20910e+02    1.51309e+02    3.25603e-06

           Step           Time
          10000       20.00000

   Energies (kJ/mol)
           Bond          Angle    Proper Dih. Per. Imp. Dih.          LJ-14
    3.43688e+03    8.57212e+03    1.11501e+04    5.18180e+02    3.93548e+03
     Coulomb-14        LJ (SR)  Disper. corr.   Coulomb (SR)   Coul. recip.
    3.84493e+04    8.78286e+04   -6.62824e+03   -8.13599e+05    4.71696e+03
 Position Rest.      Potential    Kinetic En.   Total Energy  Conserved En.
    1.00119e+03   -6.60619e+05    1.26556e+05   -5.34063e+05   -5.32482e+05
    Temperature Pres. DC (bar) Pressure (bar)   Constr. rmsd
    3.00691e+02   -2.24364e+02    2.44985e+01    3.30953e-06

           Step           Time
          15000       30.00000

   Energies (kJ/mol)
           Bond          Angle    Proper Dih. Per. Imp. Dih.          LJ-14
    3.18966e+03    8.63180e+03    1.10960e+04    5.11025e+02    4.07272e+03
     Coulomb-14        LJ (SR)  Disper. corr.   Coulomb (SR)   Coul. recip.
    3.82617e+04    8.77244e+04   -6.58759e+03   -8.14188e+05    4.67404e+03
 Position Rest.      Potential    Kinetic En.   Total Energy  Conserved En.
    1.01251e+03   -6.61602e+05    1.26205e+05   -5.35397e+05   -5.31686e+05
    Temperature Pres. DC (bar) Pressure (bar)   Constr. rmsd
    2.99858e+02   -2.21623e+02   -6.06154e+01    3.05004e-06

           Step           Time
          20000       40.00000

   Energies (kJ/mol)
           Bond          Angle    Proper Dih. Per. Imp. Dih.          LJ-14
    3.23778e+03    8.54542e+03    1.10273e+04    5.21965e+02    4.07593e+03
     Coulomb-14        LJ (SR)  Disper. corr.   Coulomb (SR)   Coul. recip.
    3.83706e+04    8.86083e+04   -6.60618e+03   -8.14136e+05    4.70677e+03
 Position Rest.      Potential    Kinetic En.   Total Energy  Conserved En.
    1.03432e+03   -6.60614e+05    1.26552e+05   -5.34062e+05   -5.31209e+05
    Temperature Pres. DC (bar) Pressure (bar)   Constr. rmsd
    3.00683e+02   -2.22875e+02    1.63937e+02    3.17997e-06

           Step           Time
          25000       50.00000

   Energies (kJ/mol)
           Bond          Angle    Proper Dih. Per. Imp. Dih.          LJ-14
    3.17633e+03    8.52415e+03    1.10899e+04    4.84076e+02    3.96523e+03
     Coulomb-14        LJ (SR)  Disper. corr.   Coulomb (SR)   Coul. recip.
    3.82512e+04    8.79045e+04   -6.61018e+03   -8.13849e+05    4.73106e+03
 Position Rest.      Potential    Kinetic En.   Total Energy  Conserved En.
    9.66693e+02   -6.61366e+05    1.25368e+05   -5.35998e+05   -5.30992e+05
    Temperature Pres. DC (bar) Pressure (bar)   Constr. rmsd
    2.97869e+02   -2.23144e+02   -7.71299e+01    3.14050e-06

           Step           Time
          30000       60.00000

   Energies (kJ/mol)
           Bond          Angle    Proper Dih. Per. Imp. Dih.          LJ-14
    3.12190e+03    8.49687e+03    1.11064e+04    5.36443e+02    4.08017e+03
     Coulomb-14        LJ (SR)  Disper. corr.   Coulomb (SR)   Coul. recip.
    3.85220e+04    8.70672e+04   -6.55840e+03   -8.11551e+05    4.71253e+03
 Position Rest.      Potential    Kinetic En.   Total Energy  Conserved En.
    9.80926e+02   -6.59485e+05    1.25344e+05   -5.34141e+05   -5.30590e+05
    Temperature Pres. DC (bar) Pressure (bar)   Constr. rmsd
    2.97812e+02   -2.19666e+02    9.69954e+01    3.15538e-06

           Step           Time
          35000       70.00000

   Energies (kJ/mol)
           Bond          Angle    Proper Dih. Per. Imp. Dih.          LJ-14
    3.29514e+03    8.56896e+03    1.11308e+04    5.17708e+02    4.03130e+03
     Coulomb-14        LJ (SR)  Disper. corr.   Coulomb (SR)   Coul. recip.
    3.83063e+04    8.77356e+04   -6.55067e+03   -8.13108e+05    4.70449e+03
 Position Rest.      Potential    Kinetic En.   Total Energy  Conserved En.
    1.03533e+03   -6.60333e+05    1.26606e+05   -5.33728e+05   -5.29934e+05
    Temperature Pres. DC (bar) Pressure (bar)   Constr. rmsd
    3.00810e+02   -2.19149e+02    2.77920e+01    3.17657e-06

           Step           Time
          40000       80.00000

   Energies (kJ/mol)
           Bond          Angle    Proper Dih. Per. Imp. Dih.          LJ-14
    3.30091e+03    8.51092e+03    1.10296e+04    5.18066e+02    4.00811e+03
     Coulomb-14        LJ (SR)  Disper. corr.   Coulomb (SR)   Coul. recip.
    3.82540e+04    8.90447e+04   -6.59904e+03   -8.15019e+05    4.73710e+03
 Position Rest.      Potential    Kinetic En.   Total Energy  Conserved En.
    9.75219e+02   -6.61239e+05    1.25986e+05   -5.35254e+05   -5.29706e+05
    Temperature Pres. DC (bar) Pressure (bar)   Constr. rmsd
    2.99337e+02   -2.22394e+02    1.33345e+02    3.11654e-06

           Step           Time
          45000       90.00000

   Energies (kJ/mol)
           Bond          Angle    Proper Dih. Per. Imp. Dih.          LJ-14
    3.21511e+03    8.49419e+03    1.11543e+04    5.13394e+02    4.04717e+03
     Coulomb-14        LJ (SR)  Disper. corr.   Coulomb (SR)   Coul. recip.
    3.85607e+04    8.86569e+04   -6.59281e+03   -8.14772e+05    4.75789e+03
 Position Rest.      Potential    Kinetic En.   Total Energy  Conserved En.
    1.06475e+03   -6.60900e+05    1.27086e+05   -5.33814e+05   -5.29305e+05
    Temperature Pres. DC (bar) Pressure (bar)   Constr. rmsd
    3.01952e+02   -2.21974e+02    1.32409e+01    2.99988e-06

           Step           Time
          50000      100.00000

   Energies (kJ/mol)
           Bond          Angle    Proper Dih. Per. Imp. Dih.          LJ-14
    3.12405e+03    8.69526e+03    1.10490e+04    4.97141e+02    3.91367e+03
     Coulomb-14        LJ (SR)  Disper. corr.   Coulomb (SR)   Coul. recip.
    3.82293e+04    8.66542e+04   -6.55111e+03   -8.11081e+05    4.77583e+03
 Position Rest.      Potential    Kinetic En.   Total Energy  Conserved En.
    1.05072e+03   -6.59642e+05    1.24927e+05   -5.34715e+05   -5.29103e+05
    Temperature Pres. DC (bar) Pressure (bar)   Constr. rmsd
    2.96823e+02   -2.19179e+02   -2.70918e+02    3.23292e-06

           Step           Time
          55000      110.00000

   Energies (kJ/mol)
           Bond          Angle    Proper Dih. Per. Imp. Dih.          LJ-14
    3.33146e+03    8.64569e+03    1.09679e+04    4.61102e+02    3.99827e+03
     Coulomb-14        LJ (SR)  Disper. corr.   Coulomb (SR)   Coul. recip.
    3.83330e+04    8.86649e+04   -6.59694e+03   -8.14138e+05    4.65067e+03
 Position Rest.      Potential    Kinetic En.   Total Energy  Conserved En.
    1.02951e+03   -6.60653e+05    1.26183e+05   -5.34469e+05   -5.28582e+05
    Temperature Pres. DC (bar) Pressure (bar)   Constr. rmsd
    2.99807e+02   -2.22252e+02    2.55525e+02    3.11504e-06

           Step           Time
          60000      120.00000

   Energies (kJ/mol)
           Bond          Angle    Proper Dih. Per. Imp. Dih.          LJ-14
    3.08367e+03    8.54365e+03    1.11200e+04    4.87993e+02    4.04077e+03
     Coulomb-14        LJ (SR)  Disper. corr.   Coulomb (SR)   Coul. recip.
    3.87286e+04    8.76539e+04   -6.57866e+03   -8.14214e+05    4.65059e+03
 Position Rest.      Potential    Kinetic En.   Total Energy  Conserved En.
    9.70101e+02   -6.61514e+05    1.26271e+05   -5.35243e+05   -5.28083e+05
    Temperature Pres. DC (bar) Pressure (bar)   Constr. rmsd
    3.00015e+02   -2.21024e+02   -1.08762e+01    3.04215e-06

           Step           Time
          65000      130.00000

   Energies (kJ/mol)
           Bond          Angle    Proper Dih. Per. Imp. Dih.          LJ-14
    3.43459e+03    8.48896e+03    1.09766e+04    5.73471e+02    4.06844e+03
     Coulomb-14        LJ (SR)  Disper. corr.   Coulomb (SR)   Coul. recip.
    3.84706e+04    8.89414e+04   -6.58573e+03   -8.14648e+05    4.73224e+03
 Position Rest.      Potential    Kinetic En.   Total Energy  Conserved En.
    9.51549e+02   -6.60596e+05    1.27437e+05   -5.33159e+05   -5.27961e+05
    Temperature Pres. DC (bar) Pressure (bar)   Constr. rmsd
    3.02786e+02   -2.21498e+02    1.32045e+02    3.51435e-06

           Step           Time
          70000      140.00000

   Energies (kJ/mol)
           Bond          Angle    Proper Dih. Per. Imp. Dih.          LJ-14
    3.24163e+03    8.39543e+03    1.11079e+04    5.24692e+02    3.97129e+03
     Coulomb-14        LJ (SR)  Disper. corr.   Coulomb (SR)   Coul. recip.
    3.86139e+04    8.80726e+04   -6.60453e+03   -8.15268e+05    4.75003e+03
 Position Rest.      Potential    Kinetic En.   Total Energy  Conserved En.
    1.00257e+03   -6.62193e+05    1.25290e+05   -5.36902e+05   -5.27798e+05
    Temperature Pres. DC (bar) Pressure (bar)   Constr. rmsd
    2.97685e+02   -2.22763e+02   -3.40712e+01    3.13597e-06

           Step           Time
          75000      150.00000

   Energies (kJ/mol)
           Bond          Angle    Proper Dih. Per. Imp. Dih.          LJ-14
    3.23188e+03    8.65017e+03    1.09222e+04    5.25272e+02    4.03864e+03
     Coulomb-14        LJ (SR)  Disper. corr.   Coulomb (SR)   Coul. recip.
    3.82421e+04    8.73101e+04   -6.57660e+03   -8.13106e+05    4.74620e+03
 Position Rest.      Potential    Kinetic En.   Total Energy  Conserved En.
    1.05055e+03   -6.60965e+05    1.25322e+05   -5.35644e+05   -5.27729e+05
    Temperature Pres. DC (bar) Pressure (bar)   Constr. rmsd
    2.97759e+02   -2.20885e+02   -8.55312e+01    3.21125e-06

           Step           Time
          80000      160.00000

   Energies (kJ/mol)
           Bond          Angle    Proper Dih. Per. Imp. Dih.          LJ-14
    3.24119e+03    8.60978e+03    1.10388e+04    5.09087e+02    3.95362e+03
     Coulomb-14        LJ (SR)  Disper. corr.   Coulomb (SR)   Coul. recip.
    3.83742e+04    8.74039e+04   -6.52703e+03   -8.12202e+05    4.67342e+03
 Position Rest.      Potential    Kinetic En.   Total Energy  Conserved En.
    9.63988e+02   -6.59961e+05    1.25874e+05   -5.34087e+05   -5.27245e+05
    Temperature Pres. DC (bar) Pressure (bar)   Constr. rmsd
    2.99072e+02   -2.17572e+02   -1.52902e+02    3.02090e-06

           Step           Time
          85000      170.00000

   Energies (kJ/mol)
           Bond          Angle    Proper Dih. Per. Imp. Dih.          LJ-14
    3.04513e+03    8.47184e+03    1.10377e+04    5.37722e+02    4.04302e+03
     Coulomb-14        LJ (SR)  Disper. corr.   Coulomb (SR)   Coul. recip.
    3.84441e+04    8.79377e+04   -6.59979e+03   -8.14357e+05    4.71040e+03
 Position Rest.      Potential    Kinetic En.   Total Energy  Conserved En.
    1.00978e+03   -6.61720e+05    1.25323e+05   -5.36397e+05   -5.26954e+05
    Temperature Pres. DC (bar) Pressure (bar)   Constr. rmsd
    2.97762e+02   -2.22444e+02    2.17259e+01    3.04245e-06

           Step           Time
          90000      180.00000

   Energies (kJ/mol)
           Bond          Angle    Proper Dih. Per. Imp. Dih.          LJ-14
    3.21446e+03    8.35894e+03    1.10431e+04    5.09250e+02    4.00593e+03
     Coulomb-14        LJ (SR)  Disper. corr.   Coulomb (SR)   Coul. recip.
    3.83056e+04    8.63306e+04   -6.53148e+03   -8.11019e+05    4.78744e+03
 Position Rest.      Potential    Kinetic En.   Total Energy  Conserved En.
    9.58713e+02   -6.60037e+05    1.25736e+05   -5.34301e+05   -5.26569e+05
    Temperature Pres. DC (bar) Pressure (bar)   Constr. rmsd
    2.98743e+02   -2.17869e+02   -2.75088e+02    3.00999e-06

           Step           Time
          95000      190.00000

   Energies (kJ/mol)
           Bond          Angle    Proper Dih. Per. Imp. Dih.          LJ-14
    3.12388e+03    8.63461e+03    1.10174e+04    5.33049e+02    4.15058e+03
     Coulomb-14        LJ (SR)  Disper. corr.   Coulomb (SR)   Coul. recip.
    3.84022e+04    8.84994e+04   -6.54493e+03   -8.12828e+05    4.67431e+03
 Position Rest.      Potential    Kinetic En.   Total Energy  Conserved En.
    1.03823e+03   -6.59300e+05    1.26530e+05   -5.32770e+05   -5.26158e+05
    Temperature Pres. DC (bar) Pressure (bar)   Constr. rmsd
    3.00629e+02   -2.18766e+02    1.19567e+02    3.03855e-06

           Step           Time
         100000      200.00000

Writing checkpoint, step 100000 at Sun Sep 17 20:44:12 2023


   Energies (kJ/mol)
           Bond          Angle    Proper Dih. Per. Imp. Dih.          LJ-14
    3.30519e+03    8.65198e+03    1.11178e+04    5.39282e+02    3.97586e+03
     Coulomb-14        LJ (SR)  Disper. corr.   Coulomb (SR)   Coul. recip.
    3.82049e+04    8.65546e+04   -6.53138e+03   -8.11054e+05    4.80857e+03
 Position Rest.      Potential    Kinetic En.   Total Energy  Conserved En.
    1.08334e+03   -6.59344e+05    1.25682e+05   -5.33661e+05   -5.25400e+05
    Temperature Pres. DC (bar) Pressure (bar)   Constr. rmsd
    2.98616e+02   -2.17862e+02   -2.13323e+02    3.19671e-06


Energy conservation over simulation part #1 of length 200 ps, time 0 to 200 ps
  Conserved energy drift: 8.27e-04 kJ/mol/ps per atom


	<======  ###############  ==>
	<====  A V E R A G E S  ====>
	<==  ###############  ======>

	Statistics over 100001 steps using 1001 frames

   Energies (kJ/mol)
           Bond          Angle    Proper Dih. Per. Imp. Dih.          LJ-14
    3.21333e+03    8.53866e+03    1.10770e+04    5.11094e+02    4.04507e+03
     Coulomb-14        LJ (SR)  Disper. corr.   Coulomb (SR)   Coul. recip.
    3.84550e+04    8.76476e+04   -6.56833e+03   -8.13097e+05    4.73013e+03
 Position Rest.      Potential    Kinetic En.   Total Energy  Conserved En.
    1.01487e+03   -6.60433e+05    1.26290e+05   -5.34143e+05   -5.29238e+05
    Temperature Pres. DC (bar) Pressure (bar)   Constr. rmsd
    3.00059e+02   -2.20337e+02    3.83832e+00    0.00000e+00

          Box-X          Box-Y          Box-Z
    8.63493e+00    8.14109e+00    7.05039e+00

   Total Virial (kJ/mol)
    4.21180e+04   -1.53857e+02    1.70624e+01
   -1.53999e+02    4.19237e+04   -9.45235e+01
    1.66410e+01   -9.44782e+01    4.20972e+04

   Pressure (bar)
    1.59761e+00    1.17181e+01   -2.56390e+00
    1.17276e+01    6.62876e+00    6.73730e+00
   -2.53566e+00    6.73427e+00    3.28858e+00

T-Protein_OtherT-Water_and_ions
    3.00204e+02    3.00043e+02


	M E G A - F L O P S   A C C O U N T I N G

 NB=Group-cutoff nonbonded kernels    NxN=N-by-N cluster Verlet kernels
 RF=Reaction-Field  VdW=Van der Waals  QSTab=quadratic-spline table
 W3=SPC/TIP3p  W4=TIP4p (single or pairs)
 V&F=Potential and force  V=Potential only  F=Force only

 Computing:                               M-Number         M-Flops  % Flops
-----------------------------------------------------------------------------
 Pair Search distance check           43305.352560      389748.173     0.2
 NxN Ewald Elec. + LJ [F]           1587642.133600   104784380.818    53.5
 NxN Ewald Elec. + LJ [V&F]           16052.824256     1717652.195     0.9
 NxN Ewald Elec. [F]                1290912.025504    78745633.556    40.2
 NxN Ewald Elec. [V&F]                13052.042944     1096371.607     0.6
 1,4 nonbonded interactions            1100.211002       99018.990     0.1
 Calc Weights                         14865.748656      535166.952     0.3
 Spread Q Bspline                    317135.971328      634271.943     0.3
 Gather F Bspline                    317135.971328     1902815.828     1.0
 3D-FFT                              611924.719186     4895397.753     2.5
 Solve PME                              313.603136       20070.601     0.0
 Reset In Box                            99.104000         297.312     0.0
 CG-CoM                                  99.153552         297.461     0.0
 Bonds                                  212.702127       12549.425     0.0
 Angles                                 764.907649      128504.485     0.1
 Propers                               1152.211522      263856.439     0.1
 Impropers                               83.000830       17264.173     0.0
 Pos. Restr.                            207.702077       10385.104     0.0
 Virial                                  99.243597        1786.385     0.0
 Stop-CM                                 49.601552         496.016     0.0
 Calc-Ekin                              991.139104       26760.756     0.0
 Lincs                                  209.702097       12582.126     0.0
 Lincs-Mat                             1124.411244        4497.645     0.0
 Constraint-V                          4950.949509       44558.546     0.0
 Constraint-Vir                          94.871412        2276.914     0.0
 Settle                                1510.515105      558890.589     0.3
-----------------------------------------------------------------------------
 Total                                               195905531.789   100.0
-----------------------------------------------------------------------------


    D O M A I N   D E C O M P O S I T I O N   S T A T I S T I C S

 av. #atoms communicated per step for force:  2 x 0.0
 av. #atoms communicated per step for LINCS:  2 x 0.0


      R E A L   C Y C L E   A N D   T I M E   A C C O U N T I N G

On 1 MPI rank, each using 8 OpenMP threads

 Activity:              Num   Num      Call    Wall time         Giga-Cycles
                        Ranks Threads  Count      (s)         total sum    %
--------------------------------------------------------------------------------
 Domain decomp.            1    8       2000      10.105        209.675   1.8
 Neighbor search           1    8       2001      19.623        407.186   3.5
 Force                     1    8     100001     402.535       8352.814  70.9
 PME mesh                  1    8     100001     109.808       2278.581  19.3
 NB X/F buffer ops.        1    8     198001       8.232        170.822   1.4
 Write traj.               1    8         21       0.252          5.223   0.0
 Update                    1    8     100001       3.690         76.561   0.6
 Constraints               1    8     100001      11.862        246.144   2.1
 Rest                                              1.747         36.245   0.3
--------------------------------------------------------------------------------
 Total                                           567.853      11783.251 100.0
--------------------------------------------------------------------------------
 Breakdown of PME mesh activities
--------------------------------------------------------------------------------
 PME spread                1    8     100001      43.514        902.944   7.7
 PME gather                1    8     100001      34.110        707.798   6.0
 PME 3D-FFT                1    8     200002      29.652        615.293   5.2
 PME solve Elec            1    8     100001       2.218         46.026   0.4
--------------------------------------------------------------------------------

               Core t (s)   Wall t (s)        (%)
       Time:     4542.822      567.853      800.0
                 (ns/day)    (hour/ns)
Performance:       30.431        0.789
Finished mdrun on rank 0 Sun Sep 17 20:44:12 2023

