                :-) GROMACS - gmx mdrun, 2023.1-conda_forge (-:

Copyright 1991-2023 The GROMACS Authors.
GROMACS is free software; you can redistribute it and/or modify it
under the terms of the GNU Lesser General Public License
as published by the Free Software Foundation; either version 2.1
of the License, or (at your option) any later version.

                         Current GROMACS contributors:
       Mark Abraham           Andrey Alekseenko           Cathrine Bergh      
      Christian Blau            Eliane Briand             Mahesh Doijade      
    Stefan Fleischmann           Vytas Gapsys              Gaurav Garg        
      Sergey Gorelov         Gilles Gouaillardet            Alan Gray         
     M. Eric Irrgang         Farzaneh Jalalypour            Joe Jordan        
    Christoph Junghans        Prashanth Kanduri          Sebastian Keller     
     Carsten Kutzner           Justin A. Lemkul          Magnus Lundborg      
       Pascal Merz              Vedran Miletic            Dmitry Morozov      
       Szilard Pall             Roland Schulz             Michael Shirts      
     Alexey Shvetsov            Balint Soproni         David van der Spoel    
      Philip Turner             Carsten Uphoff           Alessandra Villa     
 Sebastian Wingbermuehle        Artem Zhmurov       

                         Previous GROMACS contributors:
        Emile Apol             Rossen Apostolov           James Barnett       
  Herman J.C. Berendsen          Par Bjelkmar           Viacheslav Bolnykh    
        Kevin Boyd            Aldert van Buuren          Carlo Camilloni      
     Rudi van Drunen            Anton Feenstra           Oliver Fleetwood     
     Gerrit Groenhof            Bert de Groot             Anca Hamuraru       
    Vincent Hindriksen          Victor Holanda           Aleksei Iupinov      
   Dimitrios Karkoulis           Peter Kasson             Sebastian Kehl      
        Jiri Kraus               Per Larsson              Viveca Lindahl      
      Erik Marklund           Pieter Meulenhoff           Teemu Murtola       
       Sander Pronk             Alfons Sijbers            Peter Tieleman      
       Jon Vincent             Teemu Virolainen         Christian Wennberg    
       Maarten Wolf       

                  Coordinated by the GROMACS project leaders:
                    Paul Bauer, Berk Hess, and Erik Lindahl

GROMACS:      gmx mdrun, version 2023.1-conda_forge
Executable:   /home/cc/mambaforge/envs/gromacs_2023.1/bin.AVX2_256/gmx
Data prefix:  /home/cc/mambaforge/envs/gromacs_2023.1
Working dir:  /home/cc/lig-only
Process ID:   3643
Command line:
  gmx mdrun -v -nt 8 -deffnm 06_npt_equil

GROMACS version:    2023.1-conda_forge
Precision:          mixed
Memory model:       64 bit
MPI library:        thread_mpi
OpenMP support:     enabled (GMX_OPENMP_MAX_THREADS = 128)
GPU support:        OpenCL
NB cluster size:    8
SIMD instructions:  AVX2_256
CPU FFT library:    fftw-3.3.10-sse2-avx
GPU FFT library:    clFFT
Multi-GPU FFT:      none
RDTSCP usage:       enabled
TNG support:        enabled
Hwloc support:      disabled
Tracing support:    disabled
C compiler:         /home/conda/feedstock_root/build_artifacts/gromacs_1685949970153/_build_env/bin/x86_64-conda-linux-gnu-cc GNU 12.2.0
C compiler flags:   -fexcess-precision=fast -funroll-all-loops -mavx2 -mfma -Wno-missing-field-initializers -O3 -DNDEBUG
C++ compiler:       /home/conda/feedstock_root/build_artifacts/gromacs_1685949970153/_build_env/bin/x86_64-conda-linux-gnu-c++ GNU 12.2.0
C++ compiler flags: -fexcess-precision=fast -funroll-all-loops -mavx2 -mfma -Wno-missing-field-initializers -Wno-cast-function-type-strict -fopenmp -O3 -DNDEBUG
BLAS library:       
LAPACK library:     
OpenCL include dir: /home/cc/mambaforge/envs/gromacs_2023.1/include
OpenCL library:     /home/cc/mambaforge/envs/gromacs_2023.1/lib/libOpenCL.so
OpenCL version:     3.0


Running on 1 node with total 24 cores, 48 processing units (GPU detection failed)
Hardware detected on host tp3:
  CPU info:
    Vendor: Intel
    Brand:  Intel(R) Xeon(R) Gold 6126 CPU @ 2.60GHz
    Family: 6   Model: 85   Stepping: 4
    Features: aes apic avx avx2 avx512f avx512cd avx512bw avx512vl avx512secondFMA clfsh cmov cx8 cx16 f16c fma hle htt intel lahf mmx msr nonstop_tsc pcid pclmuldq pdcm pdpe1gb popcnt pse rdrnd rdtscp rtm sse2 sse3 sse4.1 sse4.2 ssse3 tdt x2apic
    Number of AVX-512 FMA units: 2
  Hardware topology: Basic
    Packages, cores, and logical processors:
    [indices refer to OS logical processors]
      Package  0: [   0  24] [   2  26] [   4  28] [   6  30] [   8  32] [  10  34] [  12  36] [  14  38] [  16  40] [  18  42] [  20  44] [  22  46]
      Package  1: [   1  25] [   3  27] [   5  29] [   7  31] [   9  33] [  11  35] [  13  37] [  15  39] [  17  41] [  19  43] [  21  45] [  23  47]
    CPU limit set by OS: -1   Recommended max number of threads: 48

Highest SIMD level supported by all nodes in run: AVX_512
SIMD instructions selected at compile time:       AVX2_256
This program was compiled for different hardware than you are running on,
which could influence performance. This build might have been configured on a
login node with only a single AVX-512 FMA unit (in which case AVX2 is faster),
while the node you are running on has dual AVX-512 FMA units.

++++ PLEASE READ AND CITE THE FOLLOWING REFERENCE ++++
M. J. Abraham, T. Murtola, R. Schulz, S. Páll, J. C. Smith, B. Hess, E.
Lindahl
GROMACS: High performance molecular simulations through multi-level
parallelism from laptops to supercomputers
SoftwareX 1 (2015) pp. 19-25
-------- -------- --- Thank You --- -------- --------


++++ PLEASE READ AND CITE THE FOLLOWING REFERENCE ++++
S. Páll, M. J. Abraham, C. Kutzner, B. Hess, E. Lindahl
Tackling Exascale Software Challenges in Molecular Dynamics Simulations with
GROMACS
In S. Markidis & E. Laure (Eds.), Solving Software Challenges for Exascale 8759 (2015) pp. 3-27
-------- -------- --- Thank You --- -------- --------


++++ PLEASE READ AND CITE THE FOLLOWING REFERENCE ++++
S. Pronk, S. Páll, R. Schulz, P. Larsson, P. Bjelkmar, R. Apostolov, M. R.
Shirts, J. C. Smith, P. M. Kasson, D. van der Spoel, B. Hess, and E. Lindahl
GROMACS 4.5: a high-throughput and highly parallel open source molecular
simulation toolkit
Bioinformatics 29 (2013) pp. 845-54
-------- -------- --- Thank You --- -------- --------


++++ PLEASE READ AND CITE THE FOLLOWING REFERENCE ++++
B. Hess and C. Kutzner and D. van der Spoel and E. Lindahl
GROMACS 4: Algorithms for highly efficient, load-balanced, and scalable
molecular simulation
J. Chem. Theory Comput. 4 (2008) pp. 435-447
-------- -------- --- Thank You --- -------- --------


++++ PLEASE READ AND CITE THE FOLLOWING REFERENCE ++++
D. van der Spoel, E. Lindahl, B. Hess, G. Groenhof, A. E. Mark and H. J. C.
Berendsen
GROMACS: Fast, Flexible and Free
J. Comp. Chem. 26 (2005) pp. 1701-1719
-------- -------- --- Thank You --- -------- --------


++++ PLEASE READ AND CITE THE FOLLOWING REFERENCE ++++
E. Lindahl and B. Hess and D. van der Spoel
GROMACS 3.0: A package for molecular simulation and trajectory analysis
J. Mol. Mod. 7 (2001) pp. 306-317
-------- -------- --- Thank You --- -------- --------


++++ PLEASE READ AND CITE THE FOLLOWING REFERENCE ++++
H. J. C. Berendsen, D. van der Spoel and R. van Drunen
GROMACS: A message-passing parallel molecular dynamics implementation
Comp. Phys. Comm. 91 (1995) pp. 43-56
-------- -------- --- Thank You --- -------- --------

Input Parameters:
   integrator                     = md
   tinit                          = 0
   dt                             = 0.002
   nsteps                         = 100000
   init-step                      = 0
   simulation-part                = 1
   mts                            = false
   comm-mode                      = Linear
   nstcomm                        = 100
   bd-fric                        = 0
   ld-seed                        = -959472385
   emtol                          = 10
   emstep                         = 0.01
   niter                          = 20
   fcstep                         = 0
   nstcgsteep                     = 1000
   nbfgscorr                      = 10
   rtpi                           = 0.05
   nstxout                        = 0
   nstvout                        = 5000
   nstfout                        = 0
   nstlog                         = 5000
   nstcalcenergy                  = 100
   nstenergy                      = 5000
   nstxout-compressed             = 5000
   compressed-x-precision         = 1000
   cutoff-scheme                  = Verlet
   nstlist                        = 10
   pbc                            = xyz
   periodic-molecules             = false
   verlet-buffer-tolerance        = 0.005
   rlist                          = 1
   coulombtype                    = PME
   coulomb-modifier               = Potential-shift
   rcoulomb-switch                = 0
   rcoulomb                       = 1
   epsilon-r                      = 1
   epsilon-rf                     = inf
   vdw-type                       = Cut-off
   vdw-modifier                   = Potential-shift
   rvdw-switch                    = 0
   rvdw                           = 1
   DispCorr                       = EnerPres
   table-extension                = 1
   fourierspacing                 = 0.16
   fourier-nx                     = 28
   fourier-ny                     = 28
   fourier-nz                     = 28
   pme-order                      = 4
   ewald-rtol                     = 1e-05
   ewald-rtol-lj                  = 0.001
   lj-pme-comb-rule               = Geometric
   ewald-geometry                 = 3d
   epsilon-surface                = 0
   ensemble-temperature-setting   = constant
   ensemble-temperature           = 300
   tcoupl                         = V-rescale
   nsttcouple                     = 10
   nh-chain-length                = 0
   print-nose-hoover-chain-variables = false
   pcoupl                         = Parrinello-Rahman
   pcoupltype                     = Isotropic
   nstpcouple                     = 50
   tau-p                          = 2
   compressibility (3x3):
      compressibility[    0]={ 4.50000e-05,  0.00000e+00,  0.00000e+00}
      compressibility[    1]={ 0.00000e+00,  4.50000e-05,  0.00000e+00}
      compressibility[    2]={ 0.00000e+00,  0.00000e+00,  4.50000e-05}
   ref-p (3x3):
      ref-p[    0]={ 1.00000e+00,  0.00000e+00,  0.00000e+00}
      ref-p[    1]={ 0.00000e+00,  1.00000e+00,  0.00000e+00}
      ref-p[    2]={ 0.00000e+00,  0.00000e+00,  1.00000e+00}
   refcoord-scaling               = COM
   posres-com (3):
      posres-com[0]= 5.11240e-01
      posres-com[1]= 4.54470e-01
      posres-com[2]= 5.31222e-01
   posres-comB (3):
      posres-comB[0]= 5.11240e-01
      posres-comB[1]= 4.54470e-01
      posres-comB[2]= 5.31222e-01
   QMMM                           = false
qm-opts:
   ngQM                           = 0
   constraint-algorithm           = Lincs
   continuation                   = true
   Shake-SOR                      = false
   shake-tol                      = 0.0001
   lincs-order                    = 4
   lincs-iter                     = 1
   lincs-warnangle                = 30
   nwall                          = 0
   wall-type                      = 9-3
   wall-r-linpot                  = -1
   wall-atomtype[0]               = -1
   wall-atomtype[1]               = -1
   wall-density[0]                = 0
   wall-density[1]                = 0
   wall-ewald-zfac                = 3
   pull                           = false
   awh                            = false
   rotation                       = false
   interactiveMD                  = false
   disre                          = No
   disre-weighting                = Conservative
   disre-mixed                    = false
   dr-fc                          = 1000
   dr-tau                         = 0
   nstdisreout                    = 100
   orire-fc                       = 0
   orire-tau                      = 0
   nstorireout                    = 100
   free-energy                    = no
   cos-acceleration               = 0
   deform (3x3):
      deform[    0]={ 0.00000e+00,  0.00000e+00,  0.00000e+00}
      deform[    1]={ 0.00000e+00,  0.00000e+00,  0.00000e+00}
      deform[    2]={ 0.00000e+00,  0.00000e+00,  0.00000e+00}
   simulated-tempering            = false
   swapcoords                     = no
   userint1                       = 0
   userint2                       = 0
   userint3                       = 0
   userint4                       = 0
   userreal1                      = 0
   userreal2                      = 0
   userreal3                      = 0
   userreal4                      = 0
   applied-forces:
     electric-field:
       x:
         E0                       = 0
         omega                    = 0
         t0                       = 0
         sigma                    = 0
       y:
         E0                       = 0
         omega                    = 0
         t0                       = 0
         sigma                    = 0
       z:
         E0                       = 0
         omega                    = 0
         t0                       = 0
         sigma                    = 0
     density-guided-simulation:
       active                     = false
       group                      = protein
       similarity-measure         = inner-product
       atom-spreading-weight      = unity
       force-constant             = 1e+09
       gaussian-transform-spreading-width = 0.2
       gaussian-transform-spreading-range-in-multiples-of-width = 4
       reference-density-filename = reference.mrc
       nst                        = 1
       normalize-densities        = true
       adaptive-force-scaling     = false
       adaptive-force-scaling-time-constant = 4
       shift-vector               = 
       transformation-matrix      = 
     qmmm-cp2k:
       active                     = false
       qmgroup                    = System
       qmmethod                   = PBE
       qmfilenames                = 
       qmcharge                   = 0
       qmmultiplicity             = 1
grpopts:
   nrdf:        9784
   ref-t:         300
   tau-t:         0.1
annealing:          No
annealing-npoints:           0
   acc:	           0           0           0
   nfreeze:           N           N           N
   energygrp-flags[  0]: 0

Changing nstlist from 10 to 50, rlist from 1 to 1.109

Update groups can not be used for this system because atoms that are (in)directly constrained together are interdispersed with other atoms

Update task can not run on the GPU, because the following condition(s) were not satisfied:

Domain decomposition is only supported with constraints when update groups are used. This means constraining all bonds is not supported, except for small molecules, and box sizes close to half the pair-list cutoff are not supported.
 Either PME or short-ranged non-bonded interaction tasks must run on the GPU.
Compatible GPUs must have been found.
Only CUDA and SYCL builds are supported.
The number of coupled constraints is higher than supported in the GPU LINCS code.
Chosen GPU implementation does not support constraints.

Initializing Domain Decomposition on 1 ranks
Dynamic load balancing: auto
Minimum cell size due to atom displacement: 0.450 nm
Initial maximum distances in bonded interactions:
    two-body bonded interactions: 0.391 nm, LJ-14, atoms 24 27
  multi-body bonded interactions: 0.391 nm, Proper Dih., atoms 24 27
Minimum cell size due to bonded interactions: 0.430 nm
Maximum distance for 5 constraints, at 120 deg. angles, all-trans: 0.219 nm
Estimated maximum distance required for P-LINCS: 0.219 nm
Using 0 separate PME ranks because: there are too few total ranks for efficient splitting
Optimizing the DD grid for 1 cells with a minimum initial size of 0.450 nm
The maximum allowed number of cells is: X 7 Y 7 Z 7
Domain decomposition grid 1 x 1 x 1, separate PME ranks 0
PME domain decomposition: 1 x 1 x 1

The initial number of communication pulses is:
The initial domain decomposition cell size is:

The maximum allowed distance for atoms involved in interactions is:
                 non-bonded interactions           1.109 nm
(the following are initial values, they could change due to box deformation)
            two-body bonded interactions  (-rdd)   1.109 nm
          multi-body bonded interactions  (-rdd)   1.109 nm
  atoms separated by up to 5 constraints  (-rcon)  3.283 nm

When dynamic load balancing gets turned on, these settings will change to:
The maximum number of communication pulses is:
The minimum size for domain decomposition cells is 1.109 nm
The requested allowed shrink of DD cells (option -dds) is: 0.80
The allowed shrink of domain decomposition cells is:
The maximum allowed distance for atoms involved in interactions is:
                 non-bonded interactions           1.109 nm
            two-body bonded interactions  (-rdd)   1.109 nm
          multi-body bonded interactions  (-rdd)   1.109 nm
  atoms separated by up to 5 constraints  (-rcon)  1.109 nm

Using 1 MPI thread
Using 8 OpenMP threads 

System total charge: -0.000
Will do PME sum in reciprocal space for electrostatic interactions.

++++ PLEASE READ AND CITE THE FOLLOWING REFERENCE ++++
U. Essmann, L. Perera, M. L. Berkowitz, T. Darden, H. Lee and L. G. Pedersen 
A smooth particle mesh Ewald method
J. Chem. Phys. 103 (1995) pp. 8577-8592
-------- -------- --- Thank You --- -------- --------

Using a Gaussian width (1/beta) of 0.320163 nm for Ewald
Potential shift: LJ r^-12: -1.000e+00 r^-6: -1.000e+00, Ewald -1.000e-05
Initialized non-bonded Coulomb Ewald tables, spacing: 9.33e-04 size: 1073

Generated table with 1054 data points for 1-4 COUL.
Tabscale = 500 points/nm
Generated table with 1054 data points for 1-4 LJ6.
Tabscale = 500 points/nm
Generated table with 1054 data points for 1-4 LJ12.
Tabscale = 500 points/nm
Long Range LJ corr.: <C6> 2.8399e-04


Using SIMD 4x8 nonbonded short-range kernels

Using a dual 4x8 pair-list setup updated with dynamic pruning:
  outer list: updated every 50 steps, buffer 0.109 nm, rlist 1.109 nm
  inner list: updated every 12 steps, buffer 0.002 nm, rlist 1.002 nm
At tolerance 0.005 kJ/mol/ps per atom, equivalent classical 1x1 list would be:
  outer list: updated every 50 steps, buffer 0.235 nm, rlist 1.235 nm
  inner list: updated every 12 steps, buffer 0.047 nm, rlist 1.047 nm

Using Lorentz-Berthelot Lennard-Jones combination rule

Linking all bonded interactions to atoms


NOTE: The number of threads is not equal to the number of (logical) cpus
      and the -pin option is set to auto: will not pin threads to cpus.
      This can lead to significant performance degradation.
      Consider using -pin on (and -pinoffset in case you run multiple jobs).

Initializing Parallel LINear Constraint Solver

++++ PLEASE READ AND CITE THE FOLLOWING REFERENCE ++++
B. Hess
P-LINCS: A Parallel Linear Constraint Solver for molecular simulation
J. Chem. Theory Comput. 4 (2008) pp. 116-122
-------- -------- --- Thank You --- -------- --------

The number of constraints is 26
There are constraints between atoms in different decomposition domains,
will communicate selected coordinates each lincs iteration

++++ PLEASE READ AND CITE THE FOLLOWING REFERENCE ++++
S. Miyamoto and P. A. Kollman
SETTLE: An Analytical Version of the SHAKE and RATTLE Algorithms for Rigid
Water Models
J. Comp. Chem. 13 (1992) pp. 952-962
-------- -------- --- Thank You --- -------- --------


++++ PLEASE READ AND CITE THE FOLLOWING REFERENCE ++++
G. Bussi, D. Donadio and M. Parrinello
Canonical sampling through velocity rescaling
J. Chem. Phys. 126 (2007) pp. 014101
-------- -------- --- Thank You --- -------- --------

There are: 4876 Atoms

Atom distribution over 1 domains: av 4876 stddev 0 min 4876 max 4876
Center of mass motion removal mode is Linear
We have the following groups for center of mass motion removal:
  0:  rest

Started mdrun on rank 0 Sun Sep 17 20:25:01 2023

           Step           Time
              0        0.00000

   Energies (kJ/mol)
           Bond          Angle    Proper Dih. Per. Imp. Dih.          LJ-14
    4.59630e+01    1.04217e+02    9.53638e+01    2.71932e+00    5.32405e+01
     Coulomb-14        LJ (SR)  Disper. corr.   Coulomb (SR)   Coul. recip.
   -7.95537e+02    1.02963e+04   -5.64563e+02   -7.66557e+04    4.73625e+02
 Position Rest.      Potential    Kinetic En.   Total Energy  Conserved En.
    3.23178e-03   -6.69443e+04    1.24930e+04   -5.44514e+04   -5.44484e+04
    Temperature Pres. DC (bar) Pressure (bar)   Constr. rmsd
    3.07146e+02   -1.87594e+02    1.02155e+02    2.82894e-06

           Step           Time
           5000       10.00000

   Energies (kJ/mol)
           Bond          Angle    Proper Dih. Per. Imp. Dih.          LJ-14
    5.56775e+01    1.31393e+02    1.13759e+02    6.19782e+00    5.91117e+01
     Coulomb-14        LJ (SR)  Disper. corr.   Coulomb (SR)   Coul. recip.
   -8.04270e+02    1.00857e+04   -5.73520e+02   -7.68461e+04    4.22665e+02
 Position Rest.      Potential    Kinetic En.   Total Energy  Conserved En.
    1.09826e+01   -6.73383e+04    1.23700e+04   -5.49683e+04   -5.44169e+04
    Temperature Pres. DC (bar) Pressure (bar)   Constr. rmsd
    3.04124e+02   -1.93586e+02   -2.23376e+01    2.81237e-06

           Step           Time
          10000       20.00000

   Energies (kJ/mol)
           Bond          Angle    Proper Dih. Per. Imp. Dih.          LJ-14
    3.86778e+01    1.40589e+02    9.79940e+01    6.48530e+00    4.83610e+01
     Coulomb-14        LJ (SR)  Disper. corr.   Coulomb (SR)   Coul. recip.
   -7.95974e+02    1.03187e+04   -5.78256e+02   -7.65330e+04    4.73645e+02
 Position Rest.      Potential    Kinetic En.   Total Energy  Conserved En.
    1.83399e+01   -6.67645e+04    1.20764e+04   -5.46881e+04   -5.43305e+04
    Temperature Pres. DC (bar) Pressure (bar)   Constr. rmsd
    2.96905e+02   -1.96793e+02    4.29142e+02    2.88068e-06

           Step           Time
          15000       30.00000

   Energies (kJ/mol)
           Bond          Angle    Proper Dih. Per. Imp. Dih.          LJ-14
    4.72544e+01    1.57292e+02    1.00204e+02    5.81501e+00    5.46615e+01
     Coulomb-14        LJ (SR)  Disper. corr.   Coulomb (SR)   Coul. recip.
   -8.13092e+02    1.01006e+04   -5.69602e+02   -7.62716e+04    4.39257e+02
 Position Rest.      Potential    Kinetic En.   Total Energy  Conserved En.
    2.35027e+01   -6.67258e+04    1.21201e+04   -5.46057e+04   -5.42800e+04
    Temperature Pres. DC (bar) Pressure (bar)   Constr. rmsd
    2.97979e+02   -1.90953e+02   -6.73122e+01    2.38350e-06

           Step           Time
          20000       40.00000

   Energies (kJ/mol)
           Bond          Angle    Proper Dih. Per. Imp. Dih.          LJ-14
    6.87401e+01    1.25732e+02    9.26528e+01    2.80984e+00    5.13225e+01
     Coulomb-14        LJ (SR)  Disper. corr.   Coulomb (SR)   Coul. recip.
   -7.99511e+02    9.91682e+03   -5.72665e+02   -7.60627e+04    4.36418e+02
 Position Rest.      Potential    Kinetic En.   Total Energy  Conserved En.
    1.36390e+01   -6.67267e+04    1.21797e+04   -5.45470e+04   -5.41135e+04
    Temperature Pres. DC (bar) Pressure (bar)   Constr. rmsd
    2.99444e+02   -1.93010e+02   -1.87829e+02    2.89018e-06

           Step           Time
          25000       50.00000

   Energies (kJ/mol)
           Bond          Angle    Proper Dih. Per. Imp. Dih.          LJ-14
    5.99451e+01    1.42147e+02    1.10217e+02    9.28220e+00    5.79321e+01
     Coulomb-14        LJ (SR)  Disper. corr.   Coulomb (SR)   Coul. recip.
   -8.01725e+02    1.03922e+04   -5.63676e+02   -7.69928e+04    4.30280e+02
 Position Rest.      Potential    Kinetic En.   Total Energy  Conserved En.
    1.49972e+01   -6.71412e+04    1.21290e+04   -5.50122e+04   -5.39933e+04
    Temperature Pres. DC (bar) Pressure (bar)   Constr. rmsd
    2.98197e+02   -1.87005e+02   -1.32712e+02    2.13392e-06

           Step           Time
          30000       60.00000

   Energies (kJ/mol)
           Bond          Angle    Proper Dih. Per. Imp. Dih.          LJ-14
    3.92711e+01    1.22147e+02    9.65974e+01    6.84749e+00    4.79278e+01
     Coulomb-14        LJ (SR)  Disper. corr.   Coulomb (SR)   Coul. recip.
   -8.00463e+02    1.01736e+04   -5.77072e+02   -7.67002e+04    4.41629e+02
 Position Rest.      Potential    Kinetic En.   Total Energy  Conserved En.
    1.26325e+01   -6.71371e+04    1.20957e+04   -5.50414e+04   -5.39214e+04
    Temperature Pres. DC (bar) Pressure (bar)   Constr. rmsd
    2.97378e+02   -1.95989e+02    7.03169e+01    3.59174e-06

           Step           Time
          35000       70.00000

   Energies (kJ/mol)
           Bond          Angle    Proper Dih. Per. Imp. Dih.          LJ-14
    4.59150e+01    1.04768e+02    9.76892e+01    5.58340e+00    5.68575e+01
     Coulomb-14        LJ (SR)  Disper. corr.   Coulomb (SR)   Coul. recip.
   -7.97543e+02    9.92225e+03   -5.73649e+02   -7.64130e+04    4.34585e+02
 Position Rest.      Potential    Kinetic En.   Total Energy  Conserved En.
    1.99428e+01   -6.70966e+04    1.22357e+04   -5.48609e+04   -5.38333e+04
    Temperature Pres. DC (bar) Pressure (bar)   Constr. rmsd
    3.00822e+02   -1.93673e+02   -2.20903e+02    1.50181e-06

           Step           Time
          40000       80.00000

   Energies (kJ/mol)
           Bond          Angle    Proper Dih. Per. Imp. Dih.          LJ-14
    5.28567e+01    1.07193e+02    1.06882e+02    3.94447e+00    5.01303e+01
     Coulomb-14        LJ (SR)  Disper. corr.   Coulomb (SR)   Coul. recip.
   -7.95345e+02    1.09067e+04   -5.72397e+02   -7.74784e+04    4.60986e+02
 Position Rest.      Potential    Kinetic En.   Total Energy  Conserved En.
    1.56347e+01   -6.71418e+04    1.20319e+04   -5.51099e+04   -5.37348e+04
    Temperature Pres. DC (bar) Pressure (bar)   Constr. rmsd
    2.95809e+02   -1.92830e+02    7.68405e+02    3.22018e-06

           Step           Time
          45000       90.00000

   Energies (kJ/mol)
           Bond          Angle    Proper Dih. Per. Imp. Dih.          LJ-14
    5.04143e+01    1.41596e+02    8.47630e+01    1.65213e+00    5.45551e+01
     Coulomb-14        LJ (SR)  Disper. corr.   Coulomb (SR)   Coul. recip.
   -7.99200e+02    1.06776e+04   -5.74594e+02   -7.73735e+04    4.03404e+02
 Position Rest.      Potential    Kinetic En.   Total Energy  Conserved En.
    1.58242e+01   -6.73175e+04    1.24488e+04   -5.48687e+04   -5.36971e+04
    Temperature Pres. DC (bar) Pressure (bar)   Constr. rmsd
    3.06060e+02   -1.94311e+02    6.03928e+02    1.58279e-06

           Step           Time
          50000      100.00000

   Energies (kJ/mol)
           Bond          Angle    Proper Dih. Per. Imp. Dih.          LJ-14
    6.71804e+01    1.19024e+02    9.03592e+01    4.10335e+00    5.14388e+01
     Coulomb-14        LJ (SR)  Disper. corr.   Coulomb (SR)   Coul. recip.
   -8.02900e+02    1.00869e+04   -5.80162e+02   -7.64975e+04    4.22960e+02
 Position Rest.      Potential    Kinetic En.   Total Energy  Conserved En.
    1.20334e+01   -6.70265e+04    1.20213e+04   -5.50052e+04   -5.35633e+04
    Temperature Pres. DC (bar) Pressure (bar)   Constr. rmsd
    2.95550e+02   -1.98091e+02    1.78399e+02    1.90035e-06

           Step           Time
          55000      110.00000

   Energies (kJ/mol)
           Bond          Angle    Proper Dih. Per. Imp. Dih.          LJ-14
    4.24120e+01    1.11252e+02    9.99474e+01    4.11085e+00    5.22533e+01
     Coulomb-14        LJ (SR)  Disper. corr.   Coulomb (SR)   Coul. recip.
   -7.89007e+02    1.02868e+04   -5.80829e+02   -7.70675e+04    4.06250e+02
 Position Rest.      Potential    Kinetic En.   Total Energy  Conserved En.
    2.32768e+01   -6.74111e+04    1.19928e+04   -5.54183e+04   -5.34643e+04
    Temperature Pres. DC (bar) Pressure (bar)   Constr. rmsd
    2.94848e+02   -1.98545e+02    7.61882e+01    2.47427e-06

           Step           Time
          60000      120.00000

   Energies (kJ/mol)
           Bond          Angle    Proper Dih. Per. Imp. Dih.          LJ-14
    7.53690e+01    1.56354e+02    9.05159e+01    3.20019e+00    5.11038e+01
     Coulomb-14        LJ (SR)  Disper. corr.   Coulomb (SR)   Coul. recip.
   -8.08730e+02    1.01915e+04   -5.67931e+02   -7.62179e+04    4.11605e+02
 Position Rest.      Potential    Kinetic En.   Total Energy  Conserved En.
    2.15613e+01   -6.65933e+04    1.21781e+04   -5.44152e+04   -5.33264e+04
    Temperature Pres. DC (bar) Pressure (bar)   Constr. rmsd
    2.99405e+02   -1.89836e+02    4.93864e+01    2.03527e-06

           Step           Time
          65000      130.00000

   Energies (kJ/mol)
           Bond          Angle    Proper Dih. Per. Imp. Dih.          LJ-14
    3.82551e+01    1.36522e+02    9.58908e+01    7.33427e+00    5.46689e+01
     Coulomb-14        LJ (SR)  Disper. corr.   Coulomb (SR)   Coul. recip.
   -7.80840e+02    1.02280e+04   -5.73038e+02   -7.67270e+04    4.32225e+02
 Position Rest.      Potential    Kinetic En.   Total Energy  Conserved En.
    2.07502e+01   -6.70673e+04    1.21861e+04   -5.48812e+04   -5.32938e+04
    Temperature Pres. DC (bar) Pressure (bar)   Constr. rmsd
    2.99602e+02   -1.93261e+02    8.46720e-01    4.33050e-06

           Step           Time
          70000      140.00000

   Energies (kJ/mol)
           Bond          Angle    Proper Dih. Per. Imp. Dih.          LJ-14
    5.60945e+01    1.16041e+02    9.66415e+01    3.55162e+00    5.80003e+01
     Coulomb-14        LJ (SR)  Disper. corr.   Coulomb (SR)   Coul. recip.
   -7.93071e+02    1.00929e+04   -5.68148e+02   -7.66007e+04    4.38978e+02
 Position Rest.      Potential    Kinetic En.   Total Energy  Conserved En.
    2.43158e+01   -6.70754e+04    1.22104e+04   -5.48649e+04   -5.32290e+04
    Temperature Pres. DC (bar) Pressure (bar)   Constr. rmsd
    3.00200e+02   -1.89981e+02   -1.49426e+02    3.10662e-06

           Step           Time
          75000      150.00000

   Energies (kJ/mol)
           Bond          Angle    Proper Dih. Per. Imp. Dih.          LJ-14
    5.23193e+01    1.15019e+02    1.04732e+02    5.28804e+00    5.11165e+01
     Coulomb-14        LJ (SR)  Disper. corr.   Coulomb (SR)   Coul. recip.
   -7.93161e+02    1.00260e+04   -5.80898e+02   -7.64841e+04    4.20670e+02
 Position Rest.      Potential    Kinetic En.   Total Energy  Conserved En.
    1.42283e+01   -6.70687e+04    1.20560e+04   -5.50127e+04   -5.29265e+04
    Temperature Pres. DC (bar) Pressure (bar)   Constr. rmsd
    2.96403e+02   -1.98593e+02    6.47485e+01    3.03397e-06

           Step           Time
          80000      160.00000

   Energies (kJ/mol)
           Bond          Angle    Proper Dih. Per. Imp. Dih.          LJ-14
    6.97589e+01    1.43648e+02    1.04675e+02    5.71495e+00    4.28632e+01
     Coulomb-14        LJ (SR)  Disper. corr.   Coulomb (SR)   Coul. recip.
   -8.01320e+02    1.03957e+04   -5.68584e+02   -7.67379e+04    4.54748e+02
 Position Rest.      Potential    Kinetic En.   Total Energy  Conserved En.
    1.66605e+01   -6.68740e+04    1.21782e+04   -5.46958e+04   -5.27446e+04
    Temperature Pres. DC (bar) Pressure (bar)   Constr. rmsd
    2.99406e+02   -1.90272e+02   -1.49958e+02    2.07766e-06

           Step           Time
          85000      170.00000

   Energies (kJ/mol)
           Bond          Angle    Proper Dih. Per. Imp. Dih.          LJ-14
    4.55391e+01    1.38652e+02    9.83079e+01    5.09696e+00    5.55784e+01
     Coulomb-14        LJ (SR)  Disper. corr.   Coulomb (SR)   Coul. recip.
   -8.06870e+02    1.00168e+04   -5.74371e+02   -7.63059e+04    4.59876e+02
 Position Rest.      Potential    Kinetic En.   Total Energy  Conserved En.
    2.18742e+01   -6.68454e+04    1.22192e+04   -5.46262e+04   -5.26618e+04
    Temperature Pres. DC (bar) Pressure (bar)   Constr. rmsd
    3.00415e+02   -1.94161e+02   -2.49041e+01    3.77120e-06

           Step           Time
          90000      180.00000

   Energies (kJ/mol)
           Bond          Angle    Proper Dih. Per. Imp. Dih.          LJ-14
    4.70462e+01    1.35131e+02    8.73392e+01    5.12895e+00    6.21531e+01
     Coulomb-14        LJ (SR)  Disper. corr.   Coulomb (SR)   Coul. recip.
   -7.98445e+02    1.03784e+04   -5.71486e+02   -7.71890e+04    4.23384e+02
 Position Rest.      Potential    Kinetic En.   Total Energy  Conserved En.
    9.12240e+00   -6.74113e+04    1.23194e+04   -5.50919e+04   -5.26132e+04
    Temperature Pres. DC (bar) Pressure (bar)   Constr. rmsd
    3.02878e+02   -1.92217e+02    2.02756e+02    3.28240e-06

           Step           Time
          95000      190.00000

   Energies (kJ/mol)
           Bond          Angle    Proper Dih. Per. Imp. Dih.          LJ-14
    4.33125e+01    1.01002e+02    8.35831e+01    2.62495e+00    4.44652e+01
     Coulomb-14        LJ (SR)  Disper. corr.   Coulomb (SR)   Coul. recip.
   -7.89167e+02    1.02017e+04   -5.79179e+02   -7.69667e+04    3.99143e+02
 Position Rest.      Potential    Kinetic En.   Total Energy  Conserved En.
    2.02743e+01   -6.74389e+04    1.23654e+04   -5.50736e+04   -5.25174e+04
    Temperature Pres. DC (bar) Pressure (bar)   Constr. rmsd
    3.04009e+02   -1.97420e+02   -1.93145e+01    3.15012e-06

           Step           Time
         100000      200.00000

Writing checkpoint, step 100000 at Sun Sep 17 20:26:05 2023


   Energies (kJ/mol)
           Bond          Angle    Proper Dih. Per. Imp. Dih.          LJ-14
    6.77493e+01    9.86384e+01    9.34028e+01    4.37874e+00    4.94489e+01
     Coulomb-14        LJ (SR)  Disper. corr.   Coulomb (SR)   Coul. recip.
   -7.97493e+02    1.03230e+04   -5.72344e+02   -7.70335e+04    4.12050e+02
 Position Rest.      Potential    Kinetic En.   Total Energy  Conserved En.
    5.82863e+00   -6.73488e+04    1.22635e+04   -5.50853e+04   -5.24427e+04
    Temperature Pres. DC (bar) Pressure (bar)   Constr. rmsd
    3.01504e+02   -1.92794e+02   -8.02829e+01    2.73205e-06


Energy conservation over simulation part #1 of length 200 ps, time 0 to 200 ps
  Conserved energy drift: 2.06e-03 kJ/mol/ps per atom


	<======  ###############  ==>
	<====  A V E R A G E S  ====>
	<==  ###############  ======>

	Statistics over 100001 steps using 1001 frames

   Energies (kJ/mol)
           Bond          Angle    Proper Dih. Per. Imp. Dih.          LJ-14
    5.04941e+01    1.23013e+02    9.92158e+01    4.57506e+00    5.07800e+01
     Coulomb-14        LJ (SR)  Disper. corr.   Coulomb (SR)   Coul. recip.
   -7.96491e+02    1.02141e+04   -5.71647e+02   -7.66806e+04    4.30654e+02
 Position Rest.      Potential    Kinetic En.   Total Energy  Conserved En.
    1.80422e+01   -6.70579e+04    1.21980e+04   -5.48599e+04   -5.35125e+04
    Temperature Pres. DC (bar) Pressure (bar)   Constr. rmsd
    2.99894e+02   -1.92350e+02   -8.26550e+00    0.00000e+00

          Box-X          Box-Y          Box-Z
    4.00412e+00    3.77513e+00    3.26936e+00

   Total Virial (kJ/mol)
    4.08870e+03    5.71408e-01   -1.77793e+01
    5.65567e-01    4.10683e+03    1.08961e+01
   -1.78121e+01    1.08649e+01    4.05112e+03

   Pressure (bar)
   -1.21232e+01    3.04489e-01    1.00937e+01
    3.08322e-01   -2.33462e+01   -7.01704e+00
    1.01157e+01   -6.99599e+00    1.06729e+01


	M E G A - F L O P S   A C C O U N T I N G

 NB=Group-cutoff nonbonded kernels    NxN=N-by-N cluster Verlet kernels
 RF=Reaction-Field  VdW=Van der Waals  QSTab=quadratic-spline table
 W3=SPC/TIP3p  W4=TIP4p (single or pairs)
 V&F=Potential and force  V=Potential only  F=Force only

 Computing:                               M-Number         M-Flops  % Flops
-----------------------------------------------------------------------------
 Pair Search distance check            4054.871454       36493.843     0.2
 NxN Ewald Elec. + LJ [F]            146773.417040     9687045.525    49.9
 NxN Ewald Elec. + LJ [V&F]            1484.237536      158813.416     0.8
 NxN Ewald Elec. [F]                 139898.711824     8533821.421    43.9
 NxN Ewald Elec. [V&F]                 1414.674336      118832.644     0.6
 1,4 nonbonded interactions              13.100131        1179.012     0.0
 Calc Weights                          1462.814628       52661.327     0.3
 Spread Q Bspline                     31206.712064       62413.424     0.3
 Gather F Bspline                     31206.712064      187240.272     1.0
 3D-FFT                               63319.233186      506553.865     2.6
 Solve PME                               78.400784        5017.650     0.0
 Reset In Box                             9.752000          29.256     0.0
 CG-CoM                                   9.756876          29.271     0.0
 Bonds                                    3.200032         188.802     0.0
 Angles                                  10.300103        1730.417     0.0
 Propers                                 12.600126        2885.429     0.0
 Impropers                                1.800018         374.404     0.0
 Pos. Restr.                              2.900029         145.001     0.0
 Virial                                   9.846921         177.245     0.0
 Stop-CM                                  4.880876          48.809     0.0
 Calc-Ekin                               97.529752        2633.303     0.0
 Lincs                                    2.600026         156.002     0.0
 Lincs-Mat                               19.200192          76.801     0.0
 Constraint-V                           486.704867        4380.344     0.0
 Constraint-Vir                           9.686841         232.484     0.0
 Settle                                 160.501605       59385.594     0.3
-----------------------------------------------------------------------------
 Total                                                19422545.561   100.0
-----------------------------------------------------------------------------


    D O M A I N   D E C O M P O S I T I O N   S T A T I S T I C S

 av. #atoms communicated per step for force:  2 x 0.0
 av. #atoms communicated per step for LINCS:  2 x 0.0


      R E A L   C Y C L E   A N D   T I M E   A C C O U N T I N G

On 1 MPI rank, each using 8 OpenMP threads

 Activity:              Num   Num      Call    Wall time         Giga-Cycles
                        Ranks Threads  Count      (s)         total sum    %
--------------------------------------------------------------------------------
 Domain decomp.            1    8       2000       0.675         14.011   1.1
 Neighbor search           1    8       2001       2.012         41.740   3.1
 Force                     1    8     100001      41.603        863.275  64.9
 PME mesh                  1    8     100001      15.320        317.890  23.9
 NB X/F buffer ops.        1    8     198001       1.345         27.911   2.1
 Write traj.               1    8         21       0.034          0.697   0.1
 Update                    1    8     100001       0.689         14.294   1.1
 Constraints               1    8     100001       2.106         43.699   3.3
 Rest                                              0.334          6.929   0.5
--------------------------------------------------------------------------------
 Total                                            64.116       1330.446 100.0
--------------------------------------------------------------------------------
 Breakdown of PME mesh activities
--------------------------------------------------------------------------------
 PME spread                1    8     100001       5.992        124.343   9.3
 PME gather                1    8     100001       3.926         81.458   6.1
 PME 3D-FFT                1    8     200002       4.782         99.221   7.5
 PME solve Elec            1    8     100001       0.451          9.357   0.7
--------------------------------------------------------------------------------

               Core t (s)   Wall t (s)        (%)
       Time:      512.929       64.116      800.0
                 (ns/day)    (hour/ns)
Performance:      269.513        0.089
Finished mdrun on rank 0 Sun Sep 17 20:26:05 2023

