            --------------------------------------------------------
                             AMBER SQM VERSION 19
 
                                     By
              Ross C. Walker, Michael F. Crowley, Scott Brozell,
                         Tim Giese, Andreas W. Goetz,
                        Tai-Sung Lee and David A. Case
 
            --------------------------------------------------------
 

--------------------------------------------------------------------------------
  QM CALCULATION INFO
--------------------------------------------------------------------------------

| QMMM: Citation for AMBER QMMM Run:
| QMMM: R.C. Walker, M.F. Crowley and D.A. Case, J. COMP. CHEM. 29:1019, 2008

QMMM: SINGLET STATE CALCULATION
QMMM: RHF CALCULATION, NO. OF DOUBLY OCCUPIED LEVELS = 76

| QMMM: *** Selected Hamiltonian *** 
| QMMM: AM1         

| QMMM: *** Parameter sets in use ***
| QMMM: C : M.J.S.DEWAR et al. JACS, 107, 3902, (1985)
| QMMM: N : M.J.S.DEWAR et al. JACS, 107, 3902, (1985)
| QMMM: S : M.J.S.DEWAR et al. INORG. CHEM., 29, 3881, (1990)
| QMMM: O : M.J.S.DEWAR et al. JACS, 107, 3902, (1985)
| QMMM: H : M.J.S.DEWAR et al. JACS, 107, 3902, (1985)

| QMMM: *** SCF convergence criteria ***
| QMMM: Energy change                :  0.1D-09 kcal/mol
| QMMM: Error matrix |FP-PF|         :  0.1D+00 au
| QMMM: Density matrix change        :  0.5D-06
| QMMM: Maximum number of SCF cycles :     1000

| QMMM: *** Diagonalization Routine Information ***
| QMMM: Pseudo diagonalizations are allowed.
| QMMM: Auto diagonalization routine selection is in use.
| QMMM:
| QMMM: Timing diagonalization routines:
| QMMM:                              norbs =      142
| QMMM:    diag iterations used for timing =       10
| QMMM:
| QMMM:              Internal diag routine = 0.098286 seconds
| QMMM:                 Dspev diag routine = 0.129011 seconds
| QMMM:                Dspevd diag routine = 0.069867 seconds
| QMMM:                Dspevx diag routine = 0.303234 seconds
| QMMM:                 Dsyev diag routine = 0.120193 seconds
| QMMM:                Dsyevd diag routine = 0.054060 seconds
| QMMM:                Dsyevr diag routine = 0.062006 seconds
| QMMM:
| QMMM:                Pseudo diag routine = 0.046259 seconds
| QMMM:
| QMMM: Using dsyevd routine (diag_routine=6).

  QMMM: QM Region Cartesian Coordinates (*=link atom) 
  QMMM: QM_NO.   MM_NO.  ATOM         X         Y         Z
  QMMM:     1        1      C      -10.3180   -1.1070  -15.5770
  QMMM:     2        2      N      -11.1020    0.0190  -15.0940
  QMMM:     3        3      C      -11.0790    1.2690  -15.7690
  QMMM:     4        4      C      -11.0680    1.2500  -17.1730
  QMMM:     5        5      C      -10.9780    2.4660  -17.8810
  QMMM:     6        6      C      -10.9100    3.6870  -17.1760
  QMMM:     7        7      N      -10.8750    4.9040  -17.8950
  QMMM:     8        8      C      -10.1840    6.1430  -17.4240
  QMMM:     9        9      C       -9.7710    6.8800  -18.6980
  QMMM:    10       10      C       -8.7010    6.3810  -19.4410
  QMMM:    11       11      C       -8.3030    7.0250  -20.6040
  QMMM:    12       12      C       -9.0020    8.1520  -21.0590
  QMMM:    13       13      C      -10.0640    8.6550  -20.3030
  QMMM:    14       14      C      -10.4770    8.0010  -19.1160
  QMMM:    15       15      C       -8.5590    8.8140  -22.3590
  QMMM:    16       16      C       -8.7320    7.8230  -23.5310
  QMMM:    17       17      C       -9.3960   10.0560  -22.6790
  QMMM:    18       18      C       -7.0890    9.2540  -22.2770
  QMMM:    19       19      C      -10.9470    3.6960  -15.7870
  QMMM:    20       20      C      -10.9960    2.4910  -15.0580
  QMMM:    21       21      C      -11.0060    2.4930  -13.5710
  QMMM:    22       22      C      -11.4010    1.3650  -12.8590
  QMMM:    23       23      C      -11.2890    1.6150  -11.4960
  QMMM:    24       24      N      -10.8120    2.8260  -11.3520
  QMMM:    25       25      N      -10.6370    3.3960  -12.6200
  QMMM:    26       26      C      -10.1240    4.7490  -12.8000
  QMMM:    27       27      S      -11.9390   -0.0720  -13.6790
  QMMM:    28       28      O      -13.3140    0.1420  -14.0330
  QMMM:    29       29      O      -11.6000   -1.2660  -12.9940
  QMMM:    30       30      H       -9.8550   -0.8470  -16.5060
  QMMM:    31       31      H      -10.9590   -1.9520  -15.7220
  QMMM:    32       32      H       -9.5640   -1.3510  -14.8580
  QMMM:    33       33      H      -11.1250    0.3540  -17.6820
  QMMM:    34       34      H      -10.9620    2.4630  -18.9130
  QMMM:    35       35      H      -11.3370    4.9380  -18.7640
  QMMM:    36       36      H      -10.8490    6.7450  -16.8410
  QMMM:    37       37      H       -9.3440    5.9200  -16.8010
  QMMM:    38       38      H       -8.2050    5.5330  -19.1260
  QMMM:    39       39      H       -7.4910    6.6740  -21.1350
  QMMM:    40       40      H      -10.5520    9.5100  -20.6120
  QMMM:    41       41      H      -11.2840    8.3490  -18.5750
  QMMM:    42       42      H       -8.4200    8.2900  -24.4420
  QMMM:    43       43      H       -9.7610    7.5390  -23.6090
  QMMM:    44       44      H       -8.1350    6.9530  -23.3540
  QMMM:    45       45      H       -9.0550   10.4900  -23.5960
  QMMM:    46       46      H       -9.2940   10.7690  -21.8870
  QMMM:    47       47      H      -10.4240    9.7770  -22.7770
  QMMM:    48       48      H       -6.8030    9.7150  -23.1990
  QMMM:    49       49      H       -6.4700    8.4000  -22.0980
  QMMM:    50       50      H       -6.9700    9.9540  -21.4770
  QMMM:    51       51      H      -10.9380    4.5960  -15.2830
  QMMM:    52       52      H      -11.5370    0.9640  -10.7350
  QMMM:    53       53      H      -10.0730    4.9750  -13.8450
  QMMM:    54       54      H       -9.1460    4.8190  -12.3720
  QMMM:    55       55      H      -10.7760    5.4450  -12.3160

--------------------------------------------------------------------------------
  RESULTS
--------------------------------------------------------------------------------

      iter         sqm energy              rms gradient
      ----    -------------------    -----------------------
xmin    10       56.1168 kcal/mol        0.6696 kcal/(mol*A)
xmin    20       54.6798 kcal/mol        0.2909 kcal/(mol*A)
xmin    30       54.4134 kcal/mol        0.2651 kcal/(mol*A)
xmin    40       54.3701 kcal/mol        0.0232 kcal/(mol*A)
xmin    50       54.3687 kcal/mol        0.0276 kcal/(mol*A)
xmin    60       54.3538 kcal/mol        0.1196 kcal/(mol*A)
xmin    70       54.3472 kcal/mol        0.0195 kcal/(mol*A)
xmin    80       54.3451 kcal/mol        0.0140 kcal/(mol*A)
xmin    90       54.3443 kcal/mol        0.0120 kcal/(mol*A)
xmin   100       54.3442 kcal/mol        0.0023 kcal/(mol*A)
xmin   110       54.3442 kcal/mol        0.0028 kcal/(mol*A)
xmin   120       54.3441 kcal/mol        0.0025 kcal/(mol*A)
  ... geometry converged !
 
 Final MO eigenvalues (eV):
 -42.2161  -40.8150  -40.3667  -38.6173  -37.5119  -37.3507  -37.0578  -35.6009
 -34.4669  -33.9648  -31.9759  -31.8732  -30.5268  -29.3233  -28.2130  -28.1436
 -28.0858  -27.4795  -26.1551  -24.7822  -23.5963  -23.4106  -23.2820  -22.2231
 -21.5265  -20.3370  -20.0132  -19.5102  -18.5573  -17.8498  -17.7369  -17.4785
 -17.1938  -16.8992  -16.7553  -16.6462  -16.2808  -15.9540  -15.7556  -15.4535
 -15.3557  -15.2332  -15.1507  -14.9986  -14.7396  -14.6925  -14.5639  -14.4353
 -14.1682  -14.0533  -13.8219  -13.7189  -13.5450  -13.4485  -13.1471  -13.1103
 -12.9572  -12.8478  -12.7159  -12.6657  -12.5644  -12.4991  -12.4149  -12.3000
 -12.1051  -12.0369  -11.9225  -11.8398  -11.6493  -11.2054  -10.5815  -10.4492
 -10.0402   -9.7708   -9.6866   -8.4741   -0.8832   -0.2344   -0.0882    0.0854
   0.1980    0.6527    0.9679    1.0676    1.8609    2.1664    2.3099    2.5823
   2.8646    2.8961    3.0581    3.2140    3.2580    3.3443    3.3684    3.4174
   3.4739    3.5374    3.5827    3.6013    3.6319    3.7282    3.7340    3.8026
   3.8307    3.8849    3.9484    3.9829    3.9952    4.0279    4.1038    4.1142
   4.2214    4.2500    4.3069    4.3129    4.3447    4.3958    4.4540    4.4612
   4.5704    4.5858    4.6091    4.6440    4.7220    4.7518    4.7746    4.8224
   4.8849    4.9543    4.9869    5.0515    5.1667    5.2080    5.2671    5.3884
   5.4100    5.5199    5.7173    5.8309    5.9650    6.2817

 Heat of formation   =         54.34412794 kcal/mol  (        2.35653822 eV)

 Total SCF energy    =    -111497.04852034 kcal/mol  (    -4834.87483285 eV)
 Electronic energy   =    -897182.48256453 kcal/mol  (   -38904.75185658 eV)
 Core-core repulsion =     785685.43404419 kcal/mol  (    34069.87702373 eV)
 
    Atomic Charges for Step       1 :
  Atom    Element       Mulliken Charge
     1      C                 -0.088
     2      N                 -0.746
     3      C                  0.112
     4      C                 -0.139
     5      C                 -0.132
     6      C                  0.031
     7      N                 -0.276
     8      C                 -0.012
     9      C                 -0.108
    10      C                 -0.126
    11      C                 -0.128
    12      C                 -0.046
    13      C                 -0.128
    14      C                 -0.107
    15      C                 -0.020
    16      C                 -0.203
    17      C                 -0.206
    18      C                 -0.203
    19      C                 -0.137
    20      C                 -0.081
    21      C                  0.138
    22      C                 -0.989
    23      C                 -0.030
    24      N                 -0.082
    25      N                 -0.098
    26      C                 -0.070
    27      S                  2.910
    28      O                 -0.926
    29      O                 -0.940
    30      H                  0.086
    31      H                  0.077
    32      H                  0.118
    33      H                  0.146
    34      H                  0.140
    35      H                  0.197
    36      H                  0.096
    37      H                  0.073
    38      H                  0.130
    39      H                  0.135
    40      H                  0.139
    41      H                  0.137
    42      H                  0.077
    43      H                  0.080
    44      H                  0.075
    45      H                  0.078
    46      H                  0.077
    47      H                  0.078
    48      H                  0.077
    49      H                  0.075
    50      H                  0.080
    51      H                  0.138
    52      H                  0.199
    53      H                  0.100
    54      H                  0.124
    55      H                  0.096
 Total Mulliken Charge =      -0.000
 
                  X        Y        Z     TOTAL  
  QM DIPOLE     4.422    5.394   -6.195    9.328
 
 Final Structure

  QMMM: QM Region Cartesian Coordinates (*=link atom) 
  QMMM: QM_NO.   MM_NO.  ATOM         X         Y         Z
  QMMM:     1        1      C      -10.8289   -1.2795  -15.3558
  QMMM:     2        2      N      -11.1918   -0.0035  -14.8040
  QMMM:     3        3      C      -11.0912    1.1158  -15.6407
  QMMM:     4        4      C      -11.1254    0.9787  -17.0500
  QMMM:     5        5      C      -11.0594    2.0746  -17.8880
  QMMM:     6        6      C      -10.9799    3.3899  -17.3662
  QMMM:     7        7      N      -11.0467    4.4953  -18.2306
  QMMM:     8        8      C      -10.4313    5.7341  -17.7994
  QMMM:     9        9      C       -9.9607    6.5880  -18.9387
  QMMM:    10       10      C       -8.8588    6.1934  -19.7051
  QMMM:    11       11      C       -8.4053    6.9969  -20.7460
  QMMM:    12       12      C       -9.0407    8.2122  -21.0482
  QMMM:    13       13      C      -10.1434    8.5968  -20.2783
  QMMM:    14       14      C      -10.6017    7.7914  -19.2353
  QMMM:    15       15      C       -8.5162    9.0520  -22.1830
  QMMM:    16       16      C       -8.5824    8.2486  -23.4796
  QMMM:    17       17      C       -9.3174   10.3336  -22.3761
  QMMM:    18       18      C       -7.0654    9.4347  -21.9008
  QMMM:    19       19      C      -10.9342    3.5393  -15.9686
  QMMM:    20       20      C      -10.9514    2.4335  -15.1127
  QMMM:    21       21      C      -10.8700    2.5725  -13.6729
  QMMM:    22       22      C      -11.2387    1.5182  -12.7859
  QMMM:    23       23      C      -10.9875    2.0634  -11.4685
  QMMM:    24       24      N      -10.5058    3.3178  -11.5627
  QMMM:    25       25      N      -10.4277    3.6277  -12.8808
  QMMM:    26       26      C       -9.8850    4.8859  -13.3374
  QMMM:    27       27      S      -11.7715    0.0460  -13.2325
  QMMM:    28       28      O      -13.1688   -0.0197  -13.2448
  QMMM:    29       29      O      -11.1548   -0.9714  -12.4826
  QMMM:    30       30      H       -9.8849   -1.2035  -15.9588
  QMMM:    31       31      H      -11.6458   -1.6765  -16.0186
  QMMM:    32       32      H      -10.6537   -2.0093  -14.5169
  QMMM:    33       33      H      -11.2189   -0.0222  -17.5022
  QMMM:    34       34      H      -11.0933    1.9151  -18.9779
  QMMM:    35       35      H      -10.8450    4.2616  -19.1825
  QMMM:    36       36      H      -11.2050    6.2948  -17.1971
  QMMM:    37       37      H       -9.5496    5.5402  -17.1168
  QMMM:    38       38      H       -8.3443    5.2474  -19.4794
  QMMM:    39       39      H       -7.5356    6.6724  -21.3380
  QMMM:    40       40      H      -10.6717    9.5404  -20.4828
  QMMM:    41       41      H      -11.4759    8.1092  -18.6465
  QMMM:    42       42      H       -8.1994    8.8653  -24.3279
  QMMM:    43       43      H       -9.6363    7.9539  -23.6984
  QMMM:    44       44      H       -7.9609    7.3250  -23.4037
  QMMM:    45       45      H       -8.8895   10.9189  -23.2262
  QMMM:    46       46      H       -9.2752   10.9671  -21.4581
  QMMM:    47       47      H      -10.3831   10.1005  -22.6123
  QMMM:    48       48      H       -6.6690   10.0607  -22.7361
  QMMM:    49       49      H       -6.4280    8.5236  -21.8070
  QMMM:    50       50      H       -6.9971   10.0185  -20.9522
  QMMM:    51       51      H      -10.9224    4.5523  -15.5386
  QMMM:    52       52      H      -11.1444    1.5642  -10.5082
  QMMM:    53       53      H       -9.2184    4.6989  -14.2212
  QMMM:    54       54      H       -9.2868    5.3713  -12.5199
  QMMM:    55       55      H      -10.7255    5.5728  -13.6274

           --------- Calculation Completed ----------

