                :-) GROMACS - gmx mdrun, 2023.1-conda_forge (-:

Copyright 1991-2023 The GROMACS Authors.
GROMACS is free software; you can redistribute it and/or modify it
under the terms of the GNU Lesser General Public License
as published by the Free Software Foundation; either version 2.1
of the License, or (at your option) any later version.

                         Current GROMACS contributors:
       Mark Abraham           Andrey Alekseenko           Cathrine Bergh      
      Christian Blau            Eliane Briand             Mahesh Doijade      
    Stefan Fleischmann           Vytas Gapsys              Gaurav Garg        
      Sergey Gorelov         Gilles Gouaillardet            Alan Gray         
     M. Eric Irrgang         Farzaneh Jalalypour            Joe Jordan        
    Christoph Junghans        Prashanth Kanduri          Sebastian Keller     
     Carsten Kutzner           Justin A. Lemkul          Magnus Lundborg      
       Pascal Merz              Vedran Miletic            Dmitry Morozov      
       Szilard Pall             Roland Schulz             Michael Shirts      
     Alexey Shvetsov            Balint Soproni         David van der Spoel    
      Philip Turner             Carsten Uphoff           Alessandra Villa     
 Sebastian Wingbermuehle        Artem Zhmurov       

                         Previous GROMACS contributors:
        Emile Apol             Rossen Apostolov           James Barnett       
  Herman J.C. Berendsen          Par Bjelkmar           Viacheslav Bolnykh    
        Kevin Boyd            Aldert van Buuren          Carlo Camilloni      
     Rudi van Drunen            Anton Feenstra           Oliver Fleetwood     
     Gerrit Groenhof            Bert de Groot             Anca Hamuraru       
    Vincent Hindriksen          Victor Holanda           Aleksei Iupinov      
   Dimitrios Karkoulis           Peter Kasson             Sebastian Kehl      
        Jiri Kraus               Per Larsson              Viveca Lindahl      
      Erik Marklund           Pieter Meulenhoff           Teemu Murtola       
       Sander Pronk             Alfons Sijbers            Peter Tieleman      
       Jon Vincent             Teemu Virolainen         Christian Wennberg    
       Maarten Wolf       

                  Coordinated by the GROMACS project leaders:
                    Paul Bauer, Berk Hess, and Erik Lindahl

GROMACS:      gmx mdrun, version 2023.1-conda_forge
Executable:   /home/cc/mambaforge/envs/gromacs_2023.1/bin.AVX2_256/gmx
Data prefix:  /home/cc/mambaforge/envs/gromacs_2023.1
Working dir:  /home/cc/lig-only/mdrun_01_threads
Process ID:   10553
Command line:
  gmx mdrun -v -nt 1 -deffnm 07_md_run

GROMACS version:    2023.1-conda_forge
Precision:          mixed
Memory model:       64 bit
MPI library:        thread_mpi
OpenMP support:     enabled (GMX_OPENMP_MAX_THREADS = 128)
GPU support:        OpenCL
NB cluster size:    8
SIMD instructions:  AVX2_256
CPU FFT library:    fftw-3.3.10-sse2-avx
GPU FFT library:    clFFT
Multi-GPU FFT:      none
RDTSCP usage:       enabled
TNG support:        enabled
Hwloc support:      disabled
Tracing support:    disabled
C compiler:         /home/conda/feedstock_root/build_artifacts/gromacs_1685949970153/_build_env/bin/x86_64-conda-linux-gnu-cc GNU 12.2.0
C compiler flags:   -fexcess-precision=fast -funroll-all-loops -mavx2 -mfma -Wno-missing-field-initializers -O3 -DNDEBUG
C++ compiler:       /home/conda/feedstock_root/build_artifacts/gromacs_1685949970153/_build_env/bin/x86_64-conda-linux-gnu-c++ GNU 12.2.0
C++ compiler flags: -fexcess-precision=fast -funroll-all-loops -mavx2 -mfma -Wno-missing-field-initializers -Wno-cast-function-type-strict -fopenmp -O3 -DNDEBUG
BLAS library:       
LAPACK library:     
OpenCL include dir: /home/cc/mambaforge/envs/gromacs_2023.1/include
OpenCL library:     /home/cc/mambaforge/envs/gromacs_2023.1/lib/libOpenCL.so
OpenCL version:     3.0


Running on 1 node with total 24 cores, 48 processing units (GPU detection failed)
Hardware detected on host tp3:
  CPU info:
    Vendor: Intel
    Brand:  Intel(R) Xeon(R) Gold 6126 CPU @ 2.60GHz
    Family: 6   Model: 85   Stepping: 4
    Features: aes apic avx avx2 avx512f avx512cd avx512bw avx512vl avx512secondFMA clfsh cmov cx8 cx16 f16c fma hle htt intel lahf mmx msr nonstop_tsc pcid pclmuldq pdcm pdpe1gb popcnt pse rdrnd rdtscp rtm sse2 sse3 sse4.1 sse4.2 ssse3 tdt x2apic
    Number of AVX-512 FMA units: 2
  Hardware topology: Basic
    Packages, cores, and logical processors:
    [indices refer to OS logical processors]
      Package  0: [   0  24] [   2  26] [   4  28] [   6  30] [   8  32] [  10  34] [  12  36] [  14  38] [  16  40] [  18  42] [  20  44] [  22  46]
      Package  1: [   1  25] [   3  27] [   5  29] [   7  31] [   9  33] [  11  35] [  13  37] [  15  39] [  17  41] [  19  43] [  21  45] [  23  47]
    CPU limit set by OS: -1   Recommended max number of threads: 48

Highest SIMD level supported by all nodes in run: AVX_512
SIMD instructions selected at compile time:       AVX2_256
This program was compiled for different hardware than you are running on,
which could influence performance. This build might have been configured on a
login node with only a single AVX-512 FMA unit (in which case AVX2 is faster),
while the node you are running on has dual AVX-512 FMA units.

++++ PLEASE READ AND CITE THE FOLLOWING REFERENCE ++++
M. J. Abraham, T. Murtola, R. Schulz, S. Páll, J. C. Smith, B. Hess, E.
Lindahl
GROMACS: High performance molecular simulations through multi-level
parallelism from laptops to supercomputers
SoftwareX 1 (2015) pp. 19-25
-------- -------- --- Thank You --- -------- --------


++++ PLEASE READ AND CITE THE FOLLOWING REFERENCE ++++
S. Páll, M. J. Abraham, C. Kutzner, B. Hess, E. Lindahl
Tackling Exascale Software Challenges in Molecular Dynamics Simulations with
GROMACS
In S. Markidis & E. Laure (Eds.), Solving Software Challenges for Exascale 8759 (2015) pp. 3-27
-------- -------- --- Thank You --- -------- --------


++++ PLEASE READ AND CITE THE FOLLOWING REFERENCE ++++
S. Pronk, S. Páll, R. Schulz, P. Larsson, P. Bjelkmar, R. Apostolov, M. R.
Shirts, J. C. Smith, P. M. Kasson, D. van der Spoel, B. Hess, and E. Lindahl
GROMACS 4.5: a high-throughput and highly parallel open source molecular
simulation toolkit
Bioinformatics 29 (2013) pp. 845-54
-------- -------- --- Thank You --- -------- --------


++++ PLEASE READ AND CITE THE FOLLOWING REFERENCE ++++
B. Hess and C. Kutzner and D. van der Spoel and E. Lindahl
GROMACS 4: Algorithms for highly efficient, load-balanced, and scalable
molecular simulation
J. Chem. Theory Comput. 4 (2008) pp. 435-447
-------- -------- --- Thank You --- -------- --------


++++ PLEASE READ AND CITE THE FOLLOWING REFERENCE ++++
D. van der Spoel, E. Lindahl, B. Hess, G. Groenhof, A. E. Mark and H. J. C.
Berendsen
GROMACS: Fast, Flexible and Free
J. Comp. Chem. 26 (2005) pp. 1701-1719
-------- -------- --- Thank You --- -------- --------


++++ PLEASE READ AND CITE THE FOLLOWING REFERENCE ++++
E. Lindahl and B. Hess and D. van der Spoel
GROMACS 3.0: A package for molecular simulation and trajectory analysis
J. Mol. Mod. 7 (2001) pp. 306-317
-------- -------- --- Thank You --- -------- --------


++++ PLEASE READ AND CITE THE FOLLOWING REFERENCE ++++
H. J. C. Berendsen, D. van der Spoel and R. van Drunen
GROMACS: A message-passing parallel molecular dynamics implementation
Comp. Phys. Comm. 91 (1995) pp. 43-56
-------- -------- --- Thank You --- -------- --------

Input Parameters:
   integrator                     = md
   tinit                          = 0
   dt                             = 0.002
   nsteps                         = 50000
   init-step                      = 0
   simulation-part                = 1
   mts                            = false
   comm-mode                      = Linear
   nstcomm                        = 100
   bd-fric                        = 0
   ld-seed                        = -8424962
   emtol                          = 10
   emstep                         = 0.01
   niter                          = 20
   fcstep                         = 0
   nstcgsteep                     = 1000
   nbfgscorr                      = 10
   rtpi                           = 0.05
   nstxout                        = 0
   nstvout                        = 0
   nstfout                        = 0
   nstlog                         = 5000
   nstcalcenergy                  = 100
   nstenergy                      = 5000
   nstxout-compressed             = 5000
   compressed-x-precision         = 1000
   cutoff-scheme                  = Verlet
   nstlist                        = 20
   pbc                            = xyz
   periodic-molecules             = false
   verlet-buffer-tolerance        = 0.005
   rlist                          = 1.224
   coulombtype                    = PME
   coulomb-modifier               = Potential-shift
   rcoulomb-switch                = 0
   rcoulomb                       = 1.2
   epsilon-r                      = 1
   epsilon-rf                     = inf
   vdw-type                       = Cut-off
   vdw-modifier                   = Force-switch
   rvdw-switch                    = 1
   rvdw                           = 1.2
   DispCorr                       = No
   table-extension                = 1
   fourierspacing                 = 0.16
   fourier-nx                     = 28
   fourier-ny                     = 28
   fourier-nz                     = 28
   pme-order                      = 4
   ewald-rtol                     = 1e-05
   ewald-rtol-lj                  = 0.001
   lj-pme-comb-rule               = Geometric
   ewald-geometry                 = 3d
   epsilon-surface                = 0
   ensemble-temperature-setting   = constant
   ensemble-temperature           = 300
   tcoupl                         = V-rescale
   nsttcouple                     = 10
   nh-chain-length                = 0
   print-nose-hoover-chain-variables = false
   pcoupl                         = Parrinello-Rahman
   pcoupltype                     = Isotropic
   nstpcouple                     = 50
   tau-p                          = 2
   compressibility (3x3):
      compressibility[    0]={ 4.50000e-05,  0.00000e+00,  0.00000e+00}
      compressibility[    1]={ 0.00000e+00,  4.50000e-05,  0.00000e+00}
      compressibility[    2]={ 0.00000e+00,  0.00000e+00,  4.50000e-05}
   ref-p (3x3):
      ref-p[    0]={ 1.00000e+00,  0.00000e+00,  0.00000e+00}
      ref-p[    1]={ 0.00000e+00,  1.00000e+00,  0.00000e+00}
      ref-p[    2]={ 0.00000e+00,  0.00000e+00,  1.00000e+00}
   refcoord-scaling               = No
   posres-com (3):
      posres-com[0]= 0.00000e+00
      posres-com[1]= 0.00000e+00
      posres-com[2]= 0.00000e+00
   posres-comB (3):
      posres-comB[0]= 0.00000e+00
      posres-comB[1]= 0.00000e+00
      posres-comB[2]= 0.00000e+00
   QMMM                           = false
qm-opts:
   ngQM                           = 0
   constraint-algorithm           = Lincs
   continuation                   = true
   Shake-SOR                      = false
   shake-tol                      = 0.0001
   lincs-order                    = 4
   lincs-iter                     = 1
   lincs-warnangle                = 30
   nwall                          = 0
   wall-type                      = 9-3
   wall-r-linpot                  = -1
   wall-atomtype[0]               = -1
   wall-atomtype[1]               = -1
   wall-density[0]                = 0
   wall-density[1]                = 0
   wall-ewald-zfac                = 3
   pull                           = false
   awh                            = false
   rotation                       = false
   interactiveMD                  = false
   disre                          = No
   disre-weighting                = Conservative
   disre-mixed                    = false
   dr-fc                          = 1000
   dr-tau                         = 0
   nstdisreout                    = 100
   orire-fc                       = 0
   orire-tau                      = 0
   nstorireout                    = 100
   free-energy                    = no
   cos-acceleration               = 0
   deform (3x3):
      deform[    0]={ 0.00000e+00,  0.00000e+00,  0.00000e+00}
      deform[    1]={ 0.00000e+00,  0.00000e+00,  0.00000e+00}
      deform[    2]={ 0.00000e+00,  0.00000e+00,  0.00000e+00}
   simulated-tempering            = false
   swapcoords                     = no
   userint1                       = 0
   userint2                       = 0
   userint3                       = 0
   userint4                       = 0
   userreal1                      = 0
   userreal2                      = 0
   userreal3                      = 0
   userreal4                      = 0
   applied-forces:
     electric-field:
       x:
         E0                       = 0
         omega                    = 0
         t0                       = 0
         sigma                    = 0
       y:
         E0                       = 0
         omega                    = 0
         t0                       = 0
         sigma                    = 0
       z:
         E0                       = 0
         omega                    = 0
         t0                       = 0
         sigma                    = 0
     density-guided-simulation:
       active                     = false
       group                      = protein
       similarity-measure         = inner-product
       atom-spreading-weight      = unity
       force-constant             = 1e+09
       gaussian-transform-spreading-width = 0.2
       gaussian-transform-spreading-range-in-multiples-of-width = 4
       reference-density-filename = reference.mrc
       nst                        = 1
       normalize-densities        = true
       adaptive-force-scaling     = false
       adaptive-force-scaling-time-constant = 4
       shift-vector               = 
       transformation-matrix      = 
     qmmm-cp2k:
       active                     = false
       qmgroup                    = System
       qmmethod                   = PBE
       qmfilenames                = 
       qmcharge                   = 0
       qmmultiplicity             = 1
grpopts:
   nrdf:        9784
   ref-t:         300
   tau-t:         0.1
annealing:          No
annealing-npoints:           0
   acc:	           0           0           0
   nfreeze:           N           N           N
   energygrp-flags[  0]: 0

Changing nstlist from 20 to 80, rlist from 1.224 to 1.322

Update groups can not be used for this system because atoms that are (in)directly constrained together are interdispersed with other atoms

Update task can not run on the GPU, because the following condition(s) were not satisfied:

Domain decomposition is only supported with constraints when update groups are used. This means constraining all bonds is not supported, except for small molecules, and box sizes close to half the pair-list cutoff are not supported.
 Either PME or short-ranged non-bonded interaction tasks must run on the GPU.
Compatible GPUs must have been found.
Only CUDA and SYCL builds are supported.
The number of coupled constraints is higher than supported in the GPU LINCS code.
Chosen GPU implementation does not support constraints.

Initializing Domain Decomposition on 1 ranks
Dynamic load balancing: auto
Minimum cell size due to atom displacement: 0.598 nm
Initial maximum distances in bonded interactions:
    two-body bonded interactions: 0.400 nm, LJ-14, atoms 13 18
  multi-body bonded interactions: 0.400 nm, Proper Dih., atoms 13 18
Minimum cell size due to bonded interactions: 0.440 nm
Maximum distance for 5 constraints, at 120 deg. angles, all-trans: 0.219 nm
Estimated maximum distance required for P-LINCS: 0.219 nm
Using 0 separate PME ranks because: there are too few total ranks for efficient splitting
Optimizing the DD grid for 1 cells with a minimum initial size of 0.598 nm
The maximum allowed number of cells is: X 5 Y 5 Z 5
Domain decomposition grid 1 x 1 x 1, separate PME ranks 0
PME domain decomposition: 1 x 1 x 1

The initial number of communication pulses is:
The initial domain decomposition cell size is:

The maximum allowed distance for atoms involved in interactions is:
                 non-bonded interactions           1.322 nm
(the following are initial values, they could change due to box deformation)
            two-body bonded interactions  (-rdd)   1.322 nm
          multi-body bonded interactions  (-rdd)   1.322 nm
  atoms separated by up to 5 constraints  (-rcon)  3.268 nm

When dynamic load balancing gets turned on, these settings will change to:
The maximum number of communication pulses is:
The minimum size for domain decomposition cells is 1.322 nm
The requested allowed shrink of DD cells (option -dds) is: 0.80
The allowed shrink of domain decomposition cells is:
The maximum allowed distance for atoms involved in interactions is:
                 non-bonded interactions           1.322 nm
            two-body bonded interactions  (-rdd)   1.322 nm
          multi-body bonded interactions  (-rdd)   1.322 nm
  atoms separated by up to 5 constraints  (-rcon)  1.322 nm

Using 1 MPI thread
Using 1 OpenMP thread 

System total charge: -0.000
Will do PME sum in reciprocal space for electrostatic interactions.

++++ PLEASE READ AND CITE THE FOLLOWING REFERENCE ++++
U. Essmann, L. Perera, M. L. Berkowitz, T. Darden, H. Lee and L. G. Pedersen 
A smooth particle mesh Ewald method
J. Chem. Phys. 103 (1995) pp. 8577-8592
-------- -------- --- Thank You --- -------- --------

Using a Gaussian width (1/beta) of 0.384195 nm for Ewald
Potential shift: LJ r^-12: -2.648e-01 r^-6: -5.349e-01, Ewald -8.333e-06
Initialized non-bonded Coulomb Ewald tables, spacing: 1.02e-03 size: 1176

Generated table with 1161 data points for 1-4 COUL.
Tabscale = 500 points/nm
Generated table with 1161 data points for 1-4 LJ6.
Tabscale = 500 points/nm
Generated table with 1161 data points for 1-4 LJ12.
Tabscale = 500 points/nm


Using SIMD 4x8 nonbonded short-range kernels

Using a dual 4x8 pair-list setup updated with dynamic pruning:
  outer list: updated every 80 steps, buffer 0.122 nm, rlist 1.322 nm
  inner list: updated every 13 steps, buffer 0.003 nm, rlist 1.203 nm
At tolerance 0.005 kJ/mol/ps per atom, equivalent classical 1x1 list would be:
  outer list: updated every 80 steps, buffer 0.266 nm, rlist 1.466 nm
  inner list: updated every 13 steps, buffer 0.052 nm, rlist 1.252 nm

Linking all bonded interactions to atoms


NOTE: Thread affinity was not set.

Initializing Parallel LINear Constraint Solver

++++ PLEASE READ AND CITE THE FOLLOWING REFERENCE ++++
B. Hess
P-LINCS: A Parallel Linear Constraint Solver for molecular simulation
J. Chem. Theory Comput. 4 (2008) pp. 116-122
-------- -------- --- Thank You --- -------- --------

The number of constraints is 26
There are constraints between atoms in different decomposition domains,
will communicate selected coordinates each lincs iteration

++++ PLEASE READ AND CITE THE FOLLOWING REFERENCE ++++
S. Miyamoto and P. A. Kollman
SETTLE: An Analytical Version of the SHAKE and RATTLE Algorithms for Rigid
Water Models
J. Comp. Chem. 13 (1992) pp. 952-962
-------- -------- --- Thank You --- -------- --------


++++ PLEASE READ AND CITE THE FOLLOWING REFERENCE ++++
G. Bussi, D. Donadio and M. Parrinello
Canonical sampling through velocity rescaling
J. Chem. Phys. 126 (2007) pp. 014101
-------- -------- --- Thank You --- -------- --------

There are: 4876 Atoms

Atom distribution over 1 domains: av 4876 stddev 0 min 4876 max 4876
Center of mass motion removal mode is Linear
We have the following groups for center of mass motion removal:
  0:  rest

Started mdrun on rank 0 Mon Sep 18 20:23:44 2023

           Step           Time
              0        0.00000

   Energies (kJ/mol)
           Bond          Angle    Proper Dih. Per. Imp. Dih.          LJ-14
    6.77492e+01    9.86384e+01    9.34028e+01    4.37874e+00    4.94489e+01
     Coulomb-14        LJ (SR)   Coulomb (SR)   Coul. recip.      Potential
   -7.97493e+02    1.01673e+04   -7.68342e+04    2.18002e+02   -6.69328e+04
    Kinetic En.   Total Energy  Conserved En.    Temperature Pressure (bar)
    1.22635e+04   -5.46693e+04   -5.46663e+04    3.01505e+02    6.59260e+01
   Constr. rmsd
    2.53822e-06

           Step           Time
           5000       10.00000

   Energies (kJ/mol)
           Bond          Angle    Proper Dih. Per. Imp. Dih.          LJ-14
    4.59235e+01    1.26313e+02    1.04898e+02    7.46724e+00    5.44763e+01
     Coulomb-14        LJ (SR)   Coulomb (SR)   Coul. recip.      Potential
   -7.86906e+02    9.56232e+03   -7.65574e+04    2.12082e+02   -6.72308e+04
    Kinetic En.   Total Energy  Conserved En.    Temperature Pressure (bar)
    1.22242e+04   -5.50067e+04   -5.45313e+04    3.00538e+02   -5.26950e+02
   Constr. rmsd
    2.07664e-06

           Step           Time
          10000       20.00000

   Energies (kJ/mol)
           Bond          Angle    Proper Dih. Per. Imp. Dih.          LJ-14
    5.30498e+01    1.15579e+02    1.20645e+02    1.01426e+01    6.15232e+01
     Coulomb-14        LJ (SR)   Coulomb (SR)   Coul. recip.      Potential
   -8.00911e+02    1.02637e+04   -7.68226e+04    2.20534e+02   -6.67784e+04
    Kinetic En.   Total Energy  Conserved En.    Temperature Pressure (bar)
    1.26214e+04   -5.41570e+04   -5.43880e+04    3.10303e+02    3.99151e+02
   Constr. rmsd
    1.51733e-06

           Step           Time
          15000       30.00000

   Energies (kJ/mol)
           Bond          Angle    Proper Dih. Per. Imp. Dih.          LJ-14
    4.64621e+01    1.27943e+02    1.01703e+02    5.58313e+00    4.78084e+01
     Coulomb-14        LJ (SR)   Coulomb (SR)   Coul. recip.      Potential
   -7.82824e+02    9.91119e+03   -7.59573e+04    2.31133e+02   -6.62683e+04
    Kinetic En.   Total Energy  Conserved En.    Temperature Pressure (bar)
    1.23813e+04   -5.38870e+04   -5.43191e+04    3.04400e+02   -2.63543e+02
   Constr. rmsd
    2.45656e-06

           Step           Time
          20000       40.00000

   Energies (kJ/mol)
           Bond          Angle    Proper Dih. Per. Imp. Dih.          LJ-14
    3.15844e+01    1.12271e+02    1.08890e+02    3.42621e+00    4.67182e+01
     Coulomb-14        LJ (SR)   Coulomb (SR)   Coul. recip.      Potential
   -7.86368e+02    9.19025e+03   -7.48070e+04    2.42882e+02   -6.58574e+04
    Kinetic En.   Total Energy  Conserved En.    Temperature Pressure (bar)
    1.20905e+04   -5.37668e+04   -5.42533e+04    2.97252e+02   -8.84123e+02
   Constr. rmsd
    1.72509e-06

           Step           Time
          25000       50.00000

   Energies (kJ/mol)
           Bond          Angle    Proper Dih. Per. Imp. Dih.          LJ-14
    6.26477e+01    1.42176e+02    8.05470e+01    3.27508e+00    4.91368e+01
     Coulomb-14        LJ (SR)   Coulomb (SR)   Coul. recip.      Potential
   -7.90045e+02    9.98447e+03   -7.67517e+04    2.46802e+02   -6.69727e+04
    Kinetic En.   Total Energy  Conserved En.    Temperature Pressure (bar)
    1.21890e+04   -5.47837e+04   -5.41253e+04    2.99672e+02   -1.83011e+02
   Constr. rmsd
    3.57500e-06

           Step           Time
          30000       60.00000

   Energies (kJ/mol)
           Bond          Angle    Proper Dih. Per. Imp. Dih.          LJ-14
    4.66217e+01    1.57594e+02    9.93310e+01    6.17550e+00    5.36059e+01
     Coulomb-14        LJ (SR)   Coulomb (SR)   Coul. recip.      Potential
   -7.91547e+02    1.04690e+04   -7.67973e+04    2.42592e+02   -6.65139e+04
    Kinetic En.   Total Energy  Conserved En.    Temperature Pressure (bar)
    1.24187e+04   -5.40952e+04   -5.40575e+04    3.05321e+02    5.82210e+02
   Constr. rmsd
    7.92746e-06

           Step           Time
          35000       70.00000

   Energies (kJ/mol)
           Bond          Angle    Proper Dih. Per. Imp. Dih.          LJ-14
    4.19369e+01    1.11364e+02    9.69374e+01    5.68037e+00    4.81656e+01
     Coulomb-14        LJ (SR)   Coulomb (SR)   Coul. recip.      Potential
   -7.93932e+02    1.02355e+04   -7.64388e+04    2.25643e+02   -6.64674e+04
    Kinetic En.   Total Energy  Conserved En.    Temperature Pressure (bar)
    1.25195e+04   -5.39479e+04   -5.39489e+04    3.07800e+02    6.83157e+02
   Constr. rmsd
    4.61696e-06

           Step           Time
          40000       80.00000

   Energies (kJ/mol)
           Bond          Angle    Proper Dih. Per. Imp. Dih.          LJ-14
    5.19000e+01    1.57535e+02    9.41822e+01    5.48585e+00    4.52426e+01
     Coulomb-14        LJ (SR)   Coulomb (SR)   Coul. recip.      Potential
   -8.03078e+02    9.77557e+03   -7.59769e+04    2.37720e+02   -6.64123e+04
    Kinetic En.   Total Energy  Conserved En.    Temperature Pressure (bar)
    1.20785e+04   -5.43339e+04   -5.38414e+04    2.96956e+02   -2.94283e+02
   Constr. rmsd
    2.73860e-06

           Step           Time
          45000       90.00000

   Energies (kJ/mol)
           Bond          Angle    Proper Dih. Per. Imp. Dih.          LJ-14
    6.68988e+01    1.21699e+02    9.42594e+01    5.14085e+00    5.17247e+01
     Coulomb-14        LJ (SR)   Coulomb (SR)   Coul. recip.      Potential
   -7.98659e+02    9.82676e+03   -7.60488e+04    2.19998e+02   -6.64610e+04
    Kinetic En.   Total Energy  Conserved En.    Temperature Pressure (bar)
    1.20426e+04   -5.44184e+04   -5.37437e+04    2.96073e+02   -3.73084e+02
   Constr. rmsd
    3.11527e-06

           Step           Time
          50000      100.00000

Writing checkpoint, step 50000 at Mon Sep 18 20:28:40 2023


   Energies (kJ/mol)
           Bond          Angle    Proper Dih. Per. Imp. Dih.          LJ-14
    5.96690e+01    1.30489e+02    1.06809e+02    5.53104e+00    4.35702e+01
     Coulomb-14        LJ (SR)   Coulomb (SR)   Coul. recip.      Potential
   -7.93616e+02    9.56127e+03   -7.56958e+04    2.21882e+02   -6.63602e+04
    Kinetic En.   Total Energy  Conserved En.    Temperature Pressure (bar)
    1.20729e+04   -5.42873e+04   -5.37041e+04    2.96818e+02   -6.50482e+02
   Constr. rmsd
    2.52037e-06


Energy conservation over simulation part #1 of length 100 ps, time 0 to 100 ps
  Conserved energy drift: 1.97e-03 kJ/mol/ps per atom


	<======  ###############  ==>
	<====  A V E R A G E S  ====>
	<==  ###############  ======>

	Statistics over 50001 steps using 501 frames

   Energies (kJ/mol)
           Bond          Angle    Proper Dih. Per. Imp. Dih.          LJ-14
    5.20165e+01    1.23736e+02    9.80724e+01    5.33910e+00    4.99374e+01
     Coulomb-14        LJ (SR)   Coulomb (SR)   Coul. recip.      Potential
   -7.91973e+02    9.98234e+03   -7.62728e+04    2.29406e+02   -6.65239e+04
    Kinetic En.   Total Energy  Conserved En.    Temperature Pressure (bar)
    1.22246e+04   -5.42992e+04   -5.41386e+04    3.00549e+02   -2.85035e+00
   Constr. rmsd
    0.00000e+00

          Box-X          Box-Y          Box-Z
    4.01329e+00    3.78377e+00    3.27684e+00

   Total Virial (kJ/mol)
    4.06170e+03   -1.62627e+01    4.97305e+01
   -1.63225e+01    4.09885e+03   -3.26408e+01
    4.96683e+01   -3.26476e+01    4.08809e+03

   Pressure (bar)
    1.34928e+01    1.05301e+01   -3.60362e+01
    1.05701e+01   -1.47684e+01    2.05124e+01
   -3.59948e+01    2.05168e+01   -7.27541e+00


	M E G A - F L O P S   A C C O U N T I N G

 NB=Group-cutoff nonbonded kernels    NxN=N-by-N cluster Verlet kernels
 RF=Reaction-Field  VdW=Van der Waals  QSTab=quadratic-spline table
 W3=SPC/TIP3p  W4=TIP4p (single or pairs)
 V&F=Potential and force  V=Potential only  F=Force only

 Computing:                               M-Number         M-Flops  % Flops
-----------------------------------------------------------------------------
 Pair Search distance check            1612.590960       14513.319     0.1
 NxN Ewald Elec. + LJ [F]            111977.667568     8734258.070    54.8
 NxN Ewald Elec. + LJ [V&F]            1133.397728      146208.307     0.9
 NxN Ewald Elec. [F]                 106740.420656     6511165.660    40.8
 NxN Ewald Elec. [V&F]                 1080.353632       90749.705     0.6
 1,4 nonbonded interactions               6.550131         589.512     0.0
 Calc Weights                           731.414628       26330.927     0.2
 Spread Q Bspline                     15603.512064       31207.024     0.2
 Gather F Bspline                     15603.512064       93621.072     0.6
 3D-FFT                               31659.933186      253279.465     1.6
 Solve PME                               39.200784        2508.850     0.0
 Reset In Box                             3.047500           9.143     0.0
 CG-CoM                                   3.052376           9.157     0.0
 Bonds                                    1.600032          94.402     0.0
 Angles                                   5.150103         865.217     0.0
 Propers                                  6.300126        1442.729     0.0
 Impropers                                0.900018         187.204     0.0
 Virial                                   4.925921          88.667     0.0
 Stop-CM                                  2.442876          24.429     0.0
 Calc-Ekin                               48.769752        1316.783     0.0
 Lincs                                    1.300026          78.002     0.0
 Lincs-Mat                                9.600192          38.401     0.0
 Constraint-V                           243.354867        2190.194     0.0
 Constraint-Vir                           4.845841         116.300     0.0
 Settle                                  80.251605       29693.094     0.2
-----------------------------------------------------------------------------
 Total                                                15940585.632   100.0
-----------------------------------------------------------------------------


    D O M A I N   D E C O M P O S I T I O N   S T A T I S T I C S

 av. #atoms communicated per step for force:  2 x 0.0
 av. #atoms communicated per step for LINCS:  2 x 0.0


      R E A L   C Y C L E   A N D   T I M E   A C C O U N T I N G

On 1 MPI rank

 Activity:              Num   Num      Call    Wall time         Giga-Cycles
                        Ranks Threads  Count      (s)         total sum    %
--------------------------------------------------------------------------------
 Domain decomp.            1    1        625       0.435          1.127   0.1
 Neighbor search           1    1        626       4.609         11.956   1.6
 Force                     1    1      50001     259.643        673.465  87.6
 PME mesh                  1    1      50001      27.962         72.530   9.4
 NB X/F buffer ops.        1    1      99376       0.894          2.318   0.3
 Write traj.               1    1         11       0.013          0.033   0.0
 Update                    1    1      50001       0.657          1.703   0.2
 Constraints               1    1      50001       1.699          4.408   0.6
 Rest                                              0.382          0.990   0.1
--------------------------------------------------------------------------------
 Total                                           296.293        768.530 100.0
--------------------------------------------------------------------------------
 Breakdown of PME mesh activities
--------------------------------------------------------------------------------
 PME spread                1    1      50001       9.768         25.336   3.3
 PME gather                1    1      50001       6.945         18.014   2.3
 PME 3D-FFT                1    1     100002       9.587         24.867   3.2
 PME solve Elec            1    1      50001       1.616          4.193   0.5
--------------------------------------------------------------------------------

               Core t (s)   Wall t (s)        (%)
       Time:      296.293      296.293      100.0
                 (ns/day)    (hour/ns)
Performance:       29.161        0.823
Finished mdrun on rank 0 Mon Sep 18 20:28:40 2023

